The system is: Darwin - 21.4.0 - arm64
Compiling the C compiler identification source file "CMakeCCompilerId.c" succeeded.
Compiler: /opt/homebrew/Cellar/gcc/11.2.0/bin/gcc-11 
Build flags: 
Id flags:  

The output was:
0


Compilation of the C compiler identification source "CMakeCCompilerId.c" produced "a.out"

The C compiler identification is GNU, found in "/Users/reebdeve/CLionProjects/CatLog/cmake-build-debug/CMakeFiles/3.20.2/CompilerIdC/a.out"

Compiling the CXX compiler identification source file "CMakeCXXCompilerId.cpp" succeeded.
Compiler: /opt/homebrew/Cellar/gcc/11.2.0/bin/g++-11 
Build flags: 
Id flags:  

The output was:
0
ld: warning: dylib (/opt/homebrew/Cellar/gcc/11.2.0/lib/gcc/11/libstdc++.dylib) was built for newer macOS version (11.4) than being linked (11.3)


Compilation of the CXX compiler identification source "CMakeCXXCompilerId.cpp" produced "a.out"

The CXX compiler identification is GNU, found in "/Users/reebdeve/CLionProjects/CatLog/cmake-build-debug/CMakeFiles/3.20.2/CompilerIdCXX/a.out"

Detecting C compiler ABI info compiled with the following output:
Change Dir: /Users/reebdeve/CLionProjects/CatLog/cmake-build-debug/CMakeFiles/CMakeTmp

Run Build Command(s):/usr/bin/make -f Makefile cmTC_1bc32/fast && /Library/Developer/CommandLineTools/usr/bin/make  -f CMakeFiles/cmTC_1bc32.dir/build.make CMakeFiles/cmTC_1bc32.dir/build
Building C object CMakeFiles/cmTC_1bc32.dir/CMakeCCompilerABI.c.o
/opt/homebrew/Cellar/gcc/11.2.0/bin/gcc-11   -arch arm64 -isysroot /Library/Developer/CommandLineTools/SDKs/MacOSX12.3.sdk   -v -Wl,-v -o CMakeFiles/cmTC_1bc32.dir/CMakeCCompilerABI.c.o -c /Applications/CLion.app/Contents/bin/cmake/mac/share/cmake-3.20/Modules/CMakeCCompilerABI.c
Using built-in specs.
COLLECT_GCC=/opt/homebrew/Cellar/gcc/11.2.0/bin/gcc-11
Target: aarch64-apple-darwin20
Configured with: ../configure --prefix=/opt/homebrew/Cellar/gcc/11.2.0 --libdir=/opt/homebrew/Cellar/gcc/11.2.0/lib/gcc/11 --disable-nls --enable-checking=release --enable-languages=c,c++,objc,obj-c++,fortran --program-suffix=-11 --with-gmp=/opt/homebrew/opt/gmp --with-mpfr=/opt/homebrew/opt/mpfr --with-mpc=/opt/homebrew/opt/libmpc --with-isl=/opt/homebrew/opt/isl --with-zstd=/opt/homebrew/opt/zstd --with-pkgversion='Homebrew GCC 11.2.0' --with-bugurl=https://github.com/Homebrew/homebrew-core/issues --build=aarch64-apple-darwin20 --with-system-zlib --disable-multilib --with-native-system-header-dir=/usr/include --with-sysroot=/Library/Developer/CommandLineTools/SDKs/MacOSX.sdk
Thread model: posix
Supported LTO compression algorithms: zlib zstd
gcc version 11.1.0 (Homebrew GCC 11.2.0) 
COLLECT_GCC_OPTIONS='-isysroot' '/Library/Developer/CommandLineTools/SDKs/MacOSX12.3.sdk' '-v' '-o' 'CMakeFiles/cmTC_1bc32.dir/CMakeCCompilerABI.c.o' '-c' '-mmacosx-version-min=11.3.0' '-asm_macosx_version_min=11.3' '-mlittle-endian' '-mabi=lp64' '-dumpdir' 'CMakeFiles/cmTC_1bc32.dir/'
 /opt/homebrew/Cellar/gcc/11.2.0/libexec/gcc/aarch64-apple-darwin20/11.1.0/cc1 -quiet -v -D__DYNAMIC__ -isysroot /Library/Developer/CommandLineTools/SDKs/MacOSX12.3.sdk /Applications/CLion.app/Contents/bin/cmake/mac/share/cmake-3.20/Modules/CMakeCCompilerABI.c -fPIC -quiet -dumpdir CMakeFiles/cmTC_1bc32.dir/ -dumpbase CMakeCCompilerABI.c.c -dumpbase-ext .c -mmacosx-version-min=11.3.0 -mlittle-endian -mabi=lp64 -version -o /var/folders/33/81vvrssj6sqbkzd0ysry8n_m0000gn/T//ccaefSgZ.s
GNU C17 (Homebrew GCC 11.2.0) version 11.1.0 (aarch64-apple-darwin20)
	compiled by GNU C version 11.1.0, GMP version 6.2.1, MPFR version 4.1.0, MPC version 1.2.1, isl version isl-0.24-GMP

GGC heuristics: --param ggc-min-expand=100 --param ggc-min-heapsize=131072
ignoring nonexistent directory "/Library/Developer/CommandLineTools/SDKs/MacOSX12.3.sdk/usr/local/include"
ignoring nonexistent directory "/opt/homebrew/Cellar/gcc/11.2.0/lib/gcc/11/gcc/aarch64-apple-darwin20/11.1.0/../../../../../../aarch64-apple-darwin20/include"
ignoring nonexistent directory "/Library/Developer/CommandLineTools/SDKs/MacOSX12.3.sdk/Library/Frameworks"
#include "..." search starts here:
#include <...> search starts here:
 /opt/homebrew/Cellar/gcc/11.2.0/lib/gcc/11/gcc/aarch64-apple-darwin20/11.1.0/include
 /opt/homebrew/Cellar/gcc/11.2.0/lib/gcc/11/gcc/aarch64-apple-darwin20/11.1.0/include-fixed
 /Library/Developer/CommandLineTools/SDKs/MacOSX12.3.sdk/usr/include
 /Library/Developer/CommandLineTools/SDKs/MacOSX12.3.sdk/System/Library/Frameworks
End of search list.
GNU C17 (Homebrew GCC 11.2.0) version 11.1.0 (aarch64-apple-darwin20)
	compiled by GNU C version 11.1.0, GMP version 6.2.1, MPFR version 4.1.0, MPC version 1.2.1, isl version isl-0.24-GMP

GGC heuristics: --param ggc-min-expand=100 --param ggc-min-heapsize=131072
Compiler executable checksum: f8829df2b4d071c3a3f7635e6faf792e
COLLECT_GCC_OPTIONS='-isysroot' '/Library/Developer/CommandLineTools/SDKs/MacOSX12.3.sdk' '-v' '-o' 'CMakeFiles/cmTC_1bc32.dir/CMakeCCompilerABI.c.o' '-c' '-mmacosx-version-min=11.3.0'  '-mlittle-endian' '-mabi=lp64' '-dumpdir' 'CMakeFiles/cmTC_1bc32.dir/'
 as -arch arm64 -v -mmacosx-version-min=11.3 -o CMakeFiles/cmTC_1bc32.dir/CMakeCCompilerABI.c.o /var/folders/33/81vvrssj6sqbkzd0ysry8n_m0000gn/T//ccaefSgZ.s
Apple clang version 13.1.6 (clang-1316.0.21.2)
Target: arm64-apple-darwin21.4.0
Thread model: posix
InstalledDir: /Library/Developer/CommandLineTools/usr/bin
 "/Library/Developer/CommandLineTools/usr/bin/clang" -cc1as -triple arm64-apple-macosx11.3.0 -filetype obj -main-file-name ccaefSgZ.s -target-cpu apple-m1 -target-feature +v8.5a -target-feature +fp-armv8 -target-feature +neon -target-feature +crc -target-feature +crypto -target-feature +dotprod -target-feature +fp16fml -target-feature +ras -target-feature +lse -target-feature +rdm -target-feature +rcpc -target-feature +zcm -target-feature +zcz -target-feature +fullfp16 -target-feature +sm4 -target-feature +sha3 -target-feature +sha2 -target-feature +aes -fdebug-compilation-dir=/Users/reebdeve/CLionProjects/CatLog/cmake-build-debug/CMakeFiles/CMakeTmp -dwarf-debug-producer "Apple clang version 13.1.6 (clang-1316.0.21.2)" -dwarf-version=4 -mrelocation-model pic --mrelax-relocations -mllvm -disable-aligned-alloc-awareness=1 -o CMakeFiles/cmTC_1bc32.dir/CMakeCCompilerABI.c.o /var/folders/33/81vvrssj6sqbkzd0ysry8n_m0000gn/T//ccaefSgZ.s
COMPILER_PATH=/opt/homebrew/Cellar/gcc/11.2.0/libexec/gcc/aarch64-apple-darwin20/11.1.0/:/opt/homebrew/Cellar/gcc/11.2.0/libexec/gcc/aarch64-apple-darwin20/11.1.0/:/opt/homebrew/Cellar/gcc/11.2.0/libexec/gcc/aarch64-apple-darwin20/:/opt/homebrew/Cellar/gcc/11.2.0/lib/gcc/11/gcc/aarch64-apple-darwin20/11.1.0/:/opt/homebrew/Cellar/gcc/11.2.0/lib/gcc/11/gcc/aarch64-apple-darwin20/
LIBRARY_PATH=/opt/homebrew/Cellar/gcc/11.2.0/lib/gcc/11/gcc/aarch64-apple-darwin20/11.1.0/:/opt/homebrew/Cellar/gcc/11.2.0/lib/gcc/11/gcc/aarch64-apple-darwin20/11.1.0/../../../
COLLECT_GCC_OPTIONS='-isysroot' '/Library/Developer/CommandLineTools/SDKs/MacOSX12.3.sdk' '-v' '-o' 'CMakeFiles/cmTC_1bc32.dir/CMakeCCompilerABI.c.o' '-c' '-mmacosx-version-min=11.3.0'  '-mlittle-endian' '-mabi=lp64' '-dumpdir' 'CMakeFiles/cmTC_1bc32.dir/CMakeCCompilerABI.c.'
Linking C executable cmTC_1bc32
/Applications/CLion.app/Contents/bin/cmake/mac/bin/cmake -E cmake_link_script CMakeFiles/cmTC_1bc32.dir/link.txt --verbose=1
/opt/homebrew/Cellar/gcc/11.2.0/bin/gcc-11  -arch arm64 -isysroot /Library/Developer/CommandLineTools/SDKs/MacOSX12.3.sdk -Wl,-search_paths_first -Wl,-headerpad_max_install_names  -v -Wl,-v CMakeFiles/cmTC_1bc32.dir/CMakeCCompilerABI.c.o -o cmTC_1bc32 
Using built-in specs.
COLLECT_GCC=/opt/homebrew/Cellar/gcc/11.2.0/bin/gcc-11
COLLECT_LTO_WRAPPER=/opt/homebrew/Cellar/gcc/11.2.0/libexec/gcc/aarch64-apple-darwin20/11.1.0/lto-wrapper
Target: aarch64-apple-darwin20
Configured with: ../configure --prefix=/opt/homebrew/Cellar/gcc/11.2.0 --libdir=/opt/homebrew/Cellar/gcc/11.2.0/lib/gcc/11 --disable-nls --enable-checking=release --enable-languages=c,c++,objc,obj-c++,fortran --program-suffix=-11 --with-gmp=/opt/homebrew/opt/gmp --with-mpfr=/opt/homebrew/opt/mpfr --with-mpc=/opt/homebrew/opt/libmpc --with-isl=/opt/homebrew/opt/isl --with-zstd=/opt/homebrew/opt/zstd --with-pkgversion='Homebrew GCC 11.2.0' --with-bugurl=https://github.com/Homebrew/homebrew-core/issues --build=aarch64-apple-darwin20 --with-system-zlib --disable-multilib --with-native-system-header-dir=/usr/include --with-sysroot=/Library/Developer/CommandLineTools/SDKs/MacOSX.sdk
Thread model: posix
Supported LTO compression algorithms: zlib zstd
gcc version 11.1.0 (Homebrew GCC 11.2.0) 
COMPILER_PATH=/opt/homebrew/Cellar/gcc/11.2.0/libexec/gcc/aarch64-apple-darwin20/11.1.0/:/opt/homebrew/Cellar/gcc/11.2.0/libexec/gcc/aarch64-apple-darwin20/11.1.0/:/opt/homebrew/Cellar/gcc/11.2.0/libexec/gcc/aarch64-apple-darwin20/:/opt/homebrew/Cellar/gcc/11.2.0/lib/gcc/11/gcc/aarch64-apple-darwin20/11.1.0/:/opt/homebrew/Cellar/gcc/11.2.0/lib/gcc/11/gcc/aarch64-apple-darwin20/
LIBRARY_PATH=/opt/homebrew/Cellar/gcc/11.2.0/lib/gcc/11/gcc/aarch64-apple-darwin20/11.1.0/:/opt/homebrew/Cellar/gcc/11.2.0/lib/gcc/11/gcc/aarch64-apple-darwin20/11.1.0/../../../
COLLECT_GCC_OPTIONS='-isysroot' '/Library/Developer/CommandLineTools/SDKs/MacOSX12.3.sdk' '-v' '-o' 'cmTC_1bc32' '-mmacosx-version-min=11.3.0' '-asm_macosx_version_min=11.3' '-mlittle-endian' '-mabi=lp64' '-dumpdir' 'cmTC_1bc32.'
 /opt/homebrew/Cellar/gcc/11.2.0/libexec/gcc/aarch64-apple-darwin20/11.1.0/collect2 -dynamic -arch arm64 -macosx_version_min 11.3.0 -syslibroot /Library/Developer/CommandLineTools/SDKs/MacOSX12.3.sdk -weak_reference_mismatches non-weak -o cmTC_1bc32 -L/opt/homebrew/Cellar/gcc/11.2.0/lib/gcc/11/gcc/aarch64-apple-darwin20/11.1.0 -L/opt/homebrew/Cellar/gcc/11.2.0/lib/gcc/11/gcc/aarch64-apple-darwin20/11.1.0/../../.. -search_paths_first -headerpad_max_install_names -v CMakeFiles/cmTC_1bc32.dir/CMakeCCompilerABI.c.o -lgcc_s.1.1 -lgcc -lSystem -lgcc -no_compact_unwind -rpath @loader_path -rpath /opt/homebrew/Cellar/gcc/11.2.0/lib/gcc/11/gcc/aarch64-apple-darwin20/11.1.0 -rpath /opt/homebrew/Cellar/gcc/11.2.0/lib/gcc/11/gcc/aarch64-apple-darwin20/11.1.0/../../.. -v
collect2 version 11.1.0
/usr/bin/ld -dynamic -arch arm64 -macosx_version_min 11.3.0 -syslibroot /Library/Developer/CommandLineTools/SDKs/MacOSX12.3.sdk -weak_reference_mismatches non-weak -o cmTC_1bc32 -L/opt/homebrew/Cellar/gcc/11.2.0/lib/gcc/11/gcc/aarch64-apple-darwin20/11.1.0 -L/opt/homebrew/Cellar/gcc/11.2.0/lib/gcc/11/gcc/aarch64-apple-darwin20/11.1.0/../../.. -search_paths_first -headerpad_max_install_names -v CMakeFiles/cmTC_1bc32.dir/CMakeCCompilerABI.c.o -lgcc_s.1.1 -lgcc -lSystem -lgcc -no_compact_unwind -rpath @loader_path -rpath /opt/homebrew/Cellar/gcc/11.2.0/lib/gcc/11/gcc/aarch64-apple-darwin20/11.1.0 -rpath /opt/homebrew/Cellar/gcc/11.2.0/lib/gcc/11/gcc/aarch64-apple-darwin20/11.1.0/../../.. -v
@(#)PROGRAM:ld  PROJECT:ld64-762
BUILD 06:28:58 Feb 18 2022
configured to support archs: armv6 armv7 armv7s arm64 arm64e arm64_32 i386 x86_64 x86_64h armv6m armv7k armv7m armv7em
@(#)PROGRAM:ld  PROJECT:ld64-762
BUILD 06:28:58 Feb 18 2022
configured to support archs: armv6 armv7 armv7s arm64 arm64e arm64_32 i386 x86_64 x86_64h armv6m armv7k armv7m armv7em
Library search paths:
	/opt/homebrew/Cellar/gcc/11.2.0/lib/gcc/11/gcc/aarch64-apple-darwin20/11.1.0
	/opt/homebrew/Cellar/gcc/11.2.0/lib/gcc/11
	/Library/Developer/CommandLineTools/SDKs/MacOSX12.3.sdk/usr/lib
Framework search paths:
	/Library/Developer/CommandLineTools/SDKs/MacOSX12.3.sdk/System/Library/Frameworks/



Parsed C implicit include dir info from above output: rv=done
  found start of include info
  found start of implicit include info
    add: [/opt/homebrew/Cellar/gcc/11.2.0/lib/gcc/11/gcc/aarch64-apple-darwin20/11.1.0/include]
    add: [/opt/homebrew/Cellar/gcc/11.2.0/lib/gcc/11/gcc/aarch64-apple-darwin20/11.1.0/include-fixed]
    add: [/Library/Developer/CommandLineTools/SDKs/MacOSX12.3.sdk/usr/include]
    add: [/Library/Developer/CommandLineTools/SDKs/MacOSX12.3.sdk/System/Library/Frameworks]
  end of search list found
  collapse include dir [/opt/homebrew/Cellar/gcc/11.2.0/lib/gcc/11/gcc/aarch64-apple-darwin20/11.1.0/include] ==> [/opt/homebrew/Cellar/gcc/11.2.0/lib/gcc/11/gcc/aarch64-apple-darwin20/11.1.0/include]
  collapse include dir [/opt/homebrew/Cellar/gcc/11.2.0/lib/gcc/11/gcc/aarch64-apple-darwin20/11.1.0/include-fixed] ==> [/opt/homebrew/Cellar/gcc/11.2.0/lib/gcc/11/gcc/aarch64-apple-darwin20/11.1.0/include-fixed]
  collapse include dir [/Library/Developer/CommandLineTools/SDKs/MacOSX12.3.sdk/usr/include] ==> [/Library/Developer/CommandLineTools/SDKs/MacOSX12.3.sdk/usr/include]
  collapse include dir [/Library/Developer/CommandLineTools/SDKs/MacOSX12.3.sdk/System/Library/Frameworks] ==> [/Library/Developer/CommandLineTools/SDKs/MacOSX12.3.sdk/System/Library/Frameworks]
  implicit include dirs: [/opt/homebrew/Cellar/gcc/11.2.0/lib/gcc/11/gcc/aarch64-apple-darwin20/11.1.0/include;/opt/homebrew/Cellar/gcc/11.2.0/lib/gcc/11/gcc/aarch64-apple-darwin20/11.1.0/include-fixed;/Library/Developer/CommandLineTools/SDKs/MacOSX12.3.sdk/usr/include;/Library/Developer/CommandLineTools/SDKs/MacOSX12.3.sdk/System/Library/Frameworks]


Parsed C implicit link information from above output:
  link line regex: [^( *|.*[/\])(ld|CMAKE_LINK_STARTFILE-NOTFOUND|([^/\]+-)?ld|collect2)[^/\]*( |$)]
  ignore line: [Change Dir: /Users/reebdeve/CLionProjects/CatLog/cmake-build-debug/CMakeFiles/CMakeTmp]
  ignore line: []
  ignore line: [Run Build Command(s):/usr/bin/make -f Makefile cmTC_1bc32/fast && /Library/Developer/CommandLineTools/usr/bin/make  -f CMakeFiles/cmTC_1bc32.dir/build.make CMakeFiles/cmTC_1bc32.dir/build]
  ignore line: [Building C object CMakeFiles/cmTC_1bc32.dir/CMakeCCompilerABI.c.o]
  ignore line: [/opt/homebrew/Cellar/gcc/11.2.0/bin/gcc-11   -arch arm64 -isysroot /Library/Developer/CommandLineTools/SDKs/MacOSX12.3.sdk   -v -Wl -v -o CMakeFiles/cmTC_1bc32.dir/CMakeCCompilerABI.c.o -c /Applications/CLion.app/Contents/bin/cmake/mac/share/cmake-3.20/Modules/CMakeCCompilerABI.c]
  ignore line: [Using built-in specs.]
  ignore line: [COLLECT_GCC=/opt/homebrew/Cellar/gcc/11.2.0/bin/gcc-11]
  ignore line: [Target: aarch64-apple-darwin20]
  ignore line: [Configured with: ../configure --prefix=/opt/homebrew/Cellar/gcc/11.2.0 --libdir=/opt/homebrew/Cellar/gcc/11.2.0/lib/gcc/11 --disable-nls --enable-checking=release --enable-languages=c c++ objc obj-c++ fortran --program-suffix=-11 --with-gmp=/opt/homebrew/opt/gmp --with-mpfr=/opt/homebrew/opt/mpfr --with-mpc=/opt/homebrew/opt/libmpc --with-isl=/opt/homebrew/opt/isl --with-zstd=/opt/homebrew/opt/zstd --with-pkgversion='Homebrew GCC 11.2.0' --with-bugurl=https://github.com/Homebrew/homebrew-core/issues --build=aarch64-apple-darwin20 --with-system-zlib --disable-multilib --with-native-system-header-dir=/usr/include --with-sysroot=/Library/Developer/CommandLineTools/SDKs/MacOSX.sdk]
  ignore line: [Thread model: posix]
  ignore line: [Supported LTO compression algorithms: zlib zstd]
  ignore line: [gcc version 11.1.0 (Homebrew GCC 11.2.0) ]
  ignore line: [COLLECT_GCC_OPTIONS='-isysroot' '/Library/Developer/CommandLineTools/SDKs/MacOSX12.3.sdk' '-v' '-o' 'CMakeFiles/cmTC_1bc32.dir/CMakeCCompilerABI.c.o' '-c' '-mmacosx-version-min=11.3.0' '-asm_macosx_version_min=11.3' '-mlittle-endian' '-mabi=lp64' '-dumpdir' 'CMakeFiles/cmTC_1bc32.dir/']
  ignore line: [ /opt/homebrew/Cellar/gcc/11.2.0/libexec/gcc/aarch64-apple-darwin20/11.1.0/cc1 -quiet -v -D__DYNAMIC__ -isysroot /Library/Developer/CommandLineTools/SDKs/MacOSX12.3.sdk /Applications/CLion.app/Contents/bin/cmake/mac/share/cmake-3.20/Modules/CMakeCCompilerABI.c -fPIC -quiet -dumpdir CMakeFiles/cmTC_1bc32.dir/ -dumpbase CMakeCCompilerABI.c.c -dumpbase-ext .c -mmacosx-version-min=11.3.0 -mlittle-endian -mabi=lp64 -version -o /var/folders/33/81vvrssj6sqbkzd0ysry8n_m0000gn/T//ccaefSgZ.s]
  ignore line: [GNU C17 (Homebrew GCC 11.2.0) version 11.1.0 (aarch64-apple-darwin20)]
  ignore line: [	compiled by GNU C version 11.1.0  GMP version 6.2.1  MPFR version 4.1.0  MPC version 1.2.1  isl version isl-0.24-GMP]
  ignore line: []
  ignore line: [GGC heuristics: --param ggc-min-expand=100 --param ggc-min-heapsize=131072]
  ignore line: [ignoring nonexistent directory "/Library/Developer/CommandLineTools/SDKs/MacOSX12.3.sdk/usr/local/include"]
  ignore line: [ignoring nonexistent directory "/opt/homebrew/Cellar/gcc/11.2.0/lib/gcc/11/gcc/aarch64-apple-darwin20/11.1.0/../../../../../../aarch64-apple-darwin20/include"]
  ignore line: [ignoring nonexistent directory "/Library/Developer/CommandLineTools/SDKs/MacOSX12.3.sdk/Library/Frameworks"]
  ignore line: [#include "..." search starts here:]
  ignore line: [#include <...> search starts here:]
  ignore line: [ /opt/homebrew/Cellar/gcc/11.2.0/lib/gcc/11/gcc/aarch64-apple-darwin20/11.1.0/include]
  ignore line: [ /opt/homebrew/Cellar/gcc/11.2.0/lib/gcc/11/gcc/aarch64-apple-darwin20/11.1.0/include-fixed]
  ignore line: [ /Library/Developer/CommandLineTools/SDKs/MacOSX12.3.sdk/usr/include]
  ignore line: [ /Library/Developer/CommandLineTools/SDKs/MacOSX12.3.sdk/System/Library/Frameworks]
  ignore line: [End of search list.]
  ignore line: [GNU C17 (Homebrew GCC 11.2.0) version 11.1.0 (aarch64-apple-darwin20)]
  ignore line: [	compiled by GNU C version 11.1.0  GMP version 6.2.1  MPFR version 4.1.0  MPC version 1.2.1  isl version isl-0.24-GMP]
  ignore line: []
  ignore line: [GGC heuristics: --param ggc-min-expand=100 --param ggc-min-heapsize=131072]
  ignore line: [Compiler executable checksum: f8829df2b4d071c3a3f7635e6faf792e]
  ignore line: [COLLECT_GCC_OPTIONS='-isysroot' '/Library/Developer/CommandLineTools/SDKs/MacOSX12.3.sdk' '-v' '-o' 'CMakeFiles/cmTC_1bc32.dir/CMakeCCompilerABI.c.o' '-c' '-mmacosx-version-min=11.3.0'  '-mlittle-endian' '-mabi=lp64' '-dumpdir' 'CMakeFiles/cmTC_1bc32.dir/']
  ignore line: [ as -arch arm64 -v -mmacosx-version-min=11.3 -o CMakeFiles/cmTC_1bc32.dir/CMakeCCompilerABI.c.o /var/folders/33/81vvrssj6sqbkzd0ysry8n_m0000gn/T//ccaefSgZ.s]
  ignore line: [Apple clang version 13.1.6 (clang-1316.0.21.2)]
  ignore line: [Target: arm64-apple-darwin21.4.0]
  ignore line: [Thread model: posix]
  ignore line: [InstalledDir: /Library/Developer/CommandLineTools/usr/bin]
  ignore line: [ "/Library/Developer/CommandLineTools/usr/bin/clang" -cc1as -triple arm64-apple-macosx11.3.0 -filetype obj -main-file-name ccaefSgZ.s -target-cpu apple-m1 -target-feature +v8.5a -target-feature +fp-armv8 -target-feature +neon -target-feature +crc -target-feature +crypto -target-feature +dotprod -target-feature +fp16fml -target-feature +ras -target-feature +lse -target-feature +rdm -target-feature +rcpc -target-feature +zcm -target-feature +zcz -target-feature +fullfp16 -target-feature +sm4 -target-feature +sha3 -target-feature +sha2 -target-feature +aes -fdebug-compilation-dir=/Users/reebdeve/CLionProjects/CatLog/cmake-build-debug/CMakeFiles/CMakeTmp -dwarf-debug-producer "Apple clang version 13.1.6 (clang-1316.0.21.2)" -dwarf-version=4 -mrelocation-model pic --mrelax-relocations -mllvm -disable-aligned-alloc-awareness=1 -o CMakeFiles/cmTC_1bc32.dir/CMakeCCompilerABI.c.o /var/folders/33/81vvrssj6sqbkzd0ysry8n_m0000gn/T//ccaefSgZ.s]
  ignore line: [COMPILER_PATH=/opt/homebrew/Cellar/gcc/11.2.0/libexec/gcc/aarch64-apple-darwin20/11.1.0/:/opt/homebrew/Cellar/gcc/11.2.0/libexec/gcc/aarch64-apple-darwin20/11.1.0/:/opt/homebrew/Cellar/gcc/11.2.0/libexec/gcc/aarch64-apple-darwin20/:/opt/homebrew/Cellar/gcc/11.2.0/lib/gcc/11/gcc/aarch64-apple-darwin20/11.1.0/:/opt/homebrew/Cellar/gcc/11.2.0/lib/gcc/11/gcc/aarch64-apple-darwin20/]
  ignore line: [LIBRARY_PATH=/opt/homebrew/Cellar/gcc/11.2.0/lib/gcc/11/gcc/aarch64-apple-darwin20/11.1.0/:/opt/homebrew/Cellar/gcc/11.2.0/lib/gcc/11/gcc/aarch64-apple-darwin20/11.1.0/../../../]
  ignore line: [COLLECT_GCC_OPTIONS='-isysroot' '/Library/Developer/CommandLineTools/SDKs/MacOSX12.3.sdk' '-v' '-o' 'CMakeFiles/cmTC_1bc32.dir/CMakeCCompilerABI.c.o' '-c' '-mmacosx-version-min=11.3.0'  '-mlittle-endian' '-mabi=lp64' '-dumpdir' 'CMakeFiles/cmTC_1bc32.dir/CMakeCCompilerABI.c.']
  ignore line: [Linking C executable cmTC_1bc32]
  ignore line: [/Applications/CLion.app/Contents/bin/cmake/mac/bin/cmake -E cmake_link_script CMakeFiles/cmTC_1bc32.dir/link.txt --verbose=1]
  ignore line: [/opt/homebrew/Cellar/gcc/11.2.0/bin/gcc-11  -arch arm64 -isysroot /Library/Developer/CommandLineTools/SDKs/MacOSX12.3.sdk -Wl -search_paths_first -Wl -headerpad_max_install_names  -v -Wl -v CMakeFiles/cmTC_1bc32.dir/CMakeCCompilerABI.c.o -o cmTC_1bc32 ]
  ignore line: [Using built-in specs.]
  ignore line: [COLLECT_GCC=/opt/homebrew/Cellar/gcc/11.2.0/bin/gcc-11]
  ignore line: [COLLECT_LTO_WRAPPER=/opt/homebrew/Cellar/gcc/11.2.0/libexec/gcc/aarch64-apple-darwin20/11.1.0/lto-wrapper]
  ignore line: [Target: aarch64-apple-darwin20]
  ignore line: [Configured with: ../configure --prefix=/opt/homebrew/Cellar/gcc/11.2.0 --libdir=/opt/homebrew/Cellar/gcc/11.2.0/lib/gcc/11 --disable-nls --enable-checking=release --enable-languages=c c++ objc obj-c++ fortran --program-suffix=-11 --with-gmp=/opt/homebrew/opt/gmp --with-mpfr=/opt/homebrew/opt/mpfr --with-mpc=/opt/homebrew/opt/libmpc --with-isl=/opt/homebrew/opt/isl --with-zstd=/opt/homebrew/opt/zstd --with-pkgversion='Homebrew GCC 11.2.0' --with-bugurl=https://github.com/Homebrew/homebrew-core/issues --build=aarch64-apple-darwin20 --with-system-zlib --disable-multilib --with-native-system-header-dir=/usr/include --with-sysroot=/Library/Developer/CommandLineTools/SDKs/MacOSX.sdk]
  ignore line: [Thread model: posix]
  ignore line: [Supported LTO compression algorithms: zlib zstd]
  ignore line: [gcc version 11.1.0 (Homebrew GCC 11.2.0) ]
  ignore line: [COMPILER_PATH=/opt/homebrew/Cellar/gcc/11.2.0/libexec/gcc/aarch64-apple-darwin20/11.1.0/:/opt/homebrew/Cellar/gcc/11.2.0/libexec/gcc/aarch64-apple-darwin20/11.1.0/:/opt/homebrew/Cellar/gcc/11.2.0/libexec/gcc/aarch64-apple-darwin20/:/opt/homebrew/Cellar/gcc/11.2.0/lib/gcc/11/gcc/aarch64-apple-darwin20/11.1.0/:/opt/homebrew/Cellar/gcc/11.2.0/lib/gcc/11/gcc/aarch64-apple-darwin20/]
  ignore line: [LIBRARY_PATH=/opt/homebrew/Cellar/gcc/11.2.0/lib/gcc/11/gcc/aarch64-apple-darwin20/11.1.0/:/opt/homebrew/Cellar/gcc/11.2.0/lib/gcc/11/gcc/aarch64-apple-darwin20/11.1.0/../../../]
  ignore line: [COLLECT_GCC_OPTIONS='-isysroot' '/Library/Developer/CommandLineTools/SDKs/MacOSX12.3.sdk' '-v' '-o' 'cmTC_1bc32' '-mmacosx-version-min=11.3.0' '-asm_macosx_version_min=11.3' '-mlittle-endian' '-mabi=lp64' '-dumpdir' 'cmTC_1bc32.']
  link line: [ /opt/homebrew/Cellar/gcc/11.2.0/libexec/gcc/aarch64-apple-darwin20/11.1.0/collect2 -dynamic -arch arm64 -macosx_version_min 11.3.0 -syslibroot /Library/Developer/CommandLineTools/SDKs/MacOSX12.3.sdk -weak_reference_mismatches non-weak -o cmTC_1bc32 -L/opt/homebrew/Cellar/gcc/11.2.0/lib/gcc/11/gcc/aarch64-apple-darwin20/11.1.0 -L/opt/homebrew/Cellar/gcc/11.2.0/lib/gcc/11/gcc/aarch64-apple-darwin20/11.1.0/../../.. -search_paths_first -headerpad_max_install_names -v CMakeFiles/cmTC_1bc32.dir/CMakeCCompilerABI.c.o -lgcc_s.1.1 -lgcc -lSystem -lgcc -no_compact_unwind -rpath @loader_path -rpath /opt/homebrew/Cellar/gcc/11.2.0/lib/gcc/11/gcc/aarch64-apple-darwin20/11.1.0 -rpath /opt/homebrew/Cellar/gcc/11.2.0/lib/gcc/11/gcc/aarch64-apple-darwin20/11.1.0/../../.. -v]
    arg [/opt/homebrew/Cellar/gcc/11.2.0/libexec/gcc/aarch64-apple-darwin20/11.1.0/collect2] ==> ignore
    arg [-dynamic] ==> ignore
    arg [-arch] ==> ignore
    arg [arm64] ==> ignore
    arg [-macosx_version_min] ==> ignore
    arg [11.3.0] ==> ignore
    arg [-syslibroot] ==> ignore
    arg [/Library/Developer/CommandLineTools/SDKs/MacOSX12.3.sdk] ==> ignore
    arg [-weak_reference_mismatches] ==> ignore
    arg [non-weak] ==> ignore
    arg [-o] ==> ignore
    arg [cmTC_1bc32] ==> ignore
    arg [-L/opt/homebrew/Cellar/gcc/11.2.0/lib/gcc/11/gcc/aarch64-apple-darwin20/11.1.0] ==> dir [/opt/homebrew/Cellar/gcc/11.2.0/lib/gcc/11/gcc/aarch64-apple-darwin20/11.1.0]
    arg [-L/opt/homebrew/Cellar/gcc/11.2.0/lib/gcc/11/gcc/aarch64-apple-darwin20/11.1.0/../../..] ==> dir [/opt/homebrew/Cellar/gcc/11.2.0/lib/gcc/11/gcc/aarch64-apple-darwin20/11.1.0/../../..]
    arg [-search_paths_first] ==> ignore
    arg [-headerpad_max_install_names] ==> ignore
    arg [-v] ==> ignore
    arg [CMakeFiles/cmTC_1bc32.dir/CMakeCCompilerABI.c.o] ==> ignore
    arg [-lgcc_s.1.1] ==> lib [gcc_s.1.1]
    arg [-lgcc] ==> lib [gcc]
    arg [-lSystem] ==> lib [System]
    arg [-lgcc] ==> lib [gcc]
    arg [-no_compact_unwind] ==> ignore
    arg [-rpath] ==> ignore
    arg [@loader_path] ==> ignore
    arg [-rpath] ==> ignore
    arg [/opt/homebrew/Cellar/gcc/11.2.0/lib/gcc/11/gcc/aarch64-apple-darwin20/11.1.0] ==> ignore
    arg [-rpath] ==> ignore
    arg [/opt/homebrew/Cellar/gcc/11.2.0/lib/gcc/11/gcc/aarch64-apple-darwin20/11.1.0/../../..] ==> ignore
    arg [-v] ==> ignore
  Library search paths: [;/opt/homebrew/Cellar/gcc/11.2.0/lib/gcc/11/gcc/aarch64-apple-darwin20/11.1.0;/opt/homebrew/Cellar/gcc/11.2.0/lib/gcc/11;/Library/Developer/CommandLineTools/SDKs/MacOSX12.3.sdk/usr/lib]
  Framework search paths: [;/Library/Developer/CommandLineTools/SDKs/MacOSX12.3.sdk/System/Library/Frameworks/]
  remove lib [System]
  collapse library dir [/opt/homebrew/Cellar/gcc/11.2.0/lib/gcc/11/gcc/aarch64-apple-darwin20/11.1.0] ==> [/opt/homebrew/Cellar/gcc/11.2.0/lib/gcc/11/gcc/aarch64-apple-darwin20/11.1.0]
  collapse library dir [/opt/homebrew/Cellar/gcc/11.2.0/lib/gcc/11/gcc/aarch64-apple-darwin20/11.1.0/../../..] ==> [/opt/homebrew/Cellar/gcc/11.2.0/lib/gcc/11]
  collapse library dir [/opt/homebrew/Cellar/gcc/11.2.0/lib/gcc/11/gcc/aarch64-apple-darwin20/11.1.0] ==> [/opt/homebrew/Cellar/gcc/11.2.0/lib/gcc/11/gcc/aarch64-apple-darwin20/11.1.0]
  collapse library dir [/opt/homebrew/Cellar/gcc/11.2.0/lib/gcc/11] ==> [/opt/homebrew/Cellar/gcc/11.2.0/lib/gcc/11]
  collapse library dir [/Library/Developer/CommandLineTools/SDKs/MacOSX12.3.sdk/usr/lib] ==> [/Library/Developer/CommandLineTools/SDKs/MacOSX12.3.sdk/usr/lib]
  collapse framework dir [/Library/Developer/CommandLineTools/SDKs/MacOSX12.3.sdk/System/Library/Frameworks/] ==> [/Library/Developer/CommandLineTools/SDKs/MacOSX12.3.sdk/System/Library/Frameworks]
  implicit libs: [gcc_s.1.1;gcc;gcc]
  implicit objs: []
  implicit dirs: [/opt/homebrew/Cellar/gcc/11.2.0/lib/gcc/11/gcc/aarch64-apple-darwin20/11.1.0;/opt/homebrew/Cellar/gcc/11.2.0/lib/gcc/11;/Library/Developer/CommandLineTools/SDKs/MacOSX12.3.sdk/usr/lib]
  implicit fwks: [/Library/Developer/CommandLineTools/SDKs/MacOSX12.3.sdk/System/Library/Frameworks]


Detecting CXX compiler ABI info compiled with the following output:
Change Dir: /Users/reebdeve/CLionProjects/CatLog/cmake-build-debug/CMakeFiles/CMakeTmp

Run Build Command(s):/usr/bin/make -f Makefile cmTC_f5aed/fast && /Library/Developer/CommandLineTools/usr/bin/make  -f CMakeFiles/cmTC_f5aed.dir/build.make CMakeFiles/cmTC_f5aed.dir/build
Building CXX object CMakeFiles/cmTC_f5aed.dir/CMakeCXXCompilerABI.cpp.o
/opt/homebrew/Cellar/gcc/11.2.0/bin/g++-11   -arch arm64 -isysroot /Library/Developer/CommandLineTools/SDKs/MacOSX12.3.sdk   -v -Wl,-v -o CMakeFiles/cmTC_f5aed.dir/CMakeCXXCompilerABI.cpp.o -c /Applications/CLion.app/Contents/bin/cmake/mac/share/cmake-3.20/Modules/CMakeCXXCompilerABI.cpp
Using built-in specs.
COLLECT_GCC=/opt/homebrew/Cellar/gcc/11.2.0/bin/g++-11
Target: aarch64-apple-darwin20
Configured with: ../configure --prefix=/opt/homebrew/Cellar/gcc/11.2.0 --libdir=/opt/homebrew/Cellar/gcc/11.2.0/lib/gcc/11 --disable-nls --enable-checking=release --enable-languages=c,c++,objc,obj-c++,fortran --program-suffix=-11 --with-gmp=/opt/homebrew/opt/gmp --with-mpfr=/opt/homebrew/opt/mpfr --with-mpc=/opt/homebrew/opt/libmpc --with-isl=/opt/homebrew/opt/isl --with-zstd=/opt/homebrew/opt/zstd --with-pkgversion='Homebrew GCC 11.2.0' --with-bugurl=https://github.com/Homebrew/homebrew-core/issues --build=aarch64-apple-darwin20 --with-system-zlib --disable-multilib --with-native-system-header-dir=/usr/include --with-sysroot=/Library/Developer/CommandLineTools/SDKs/MacOSX.sdk
Thread model: posix
Supported LTO compression algorithms: zlib zstd
gcc version 11.1.0 (Homebrew GCC 11.2.0) 
COLLECT_GCC_OPTIONS='-isysroot' '/Library/Developer/CommandLineTools/SDKs/MacOSX12.3.sdk' '-v' '-o' 'CMakeFiles/cmTC_f5aed.dir/CMakeCXXCompilerABI.cpp.o' '-c' '-mmacosx-version-min=11.3.0' '-asm_macosx_version_min=11.3' '-mlittle-endian' '-mabi=lp64' '-dumpdir' 'CMakeFiles/cmTC_f5aed.dir/'
 /opt/homebrew/Cellar/gcc/11.2.0/libexec/gcc/aarch64-apple-darwin20/11.1.0/cc1plus -quiet -v -D__DYNAMIC__ -isysroot /Library/Developer/CommandLineTools/SDKs/MacOSX12.3.sdk /Applications/CLion.app/Contents/bin/cmake/mac/share/cmake-3.20/Modules/CMakeCXXCompilerABI.cpp -fPIC -quiet -dumpdir CMakeFiles/cmTC_f5aed.dir/ -dumpbase CMakeCXXCompilerABI.cpp.cpp -dumpbase-ext .cpp -mmacosx-version-min=11.3.0 -mlittle-endian -mabi=lp64 -version -o /var/folders/33/81vvrssj6sqbkzd0ysry8n_m0000gn/T//cchlFYYe.s
GNU C++17 (Homebrew GCC 11.2.0) version 11.1.0 (aarch64-apple-darwin20)
	compiled by GNU C version 11.1.0, GMP version 6.2.1, MPFR version 4.1.0, MPC version 1.2.1, isl version isl-0.24-GMP

GGC heuristics: --param ggc-min-expand=100 --param ggc-min-heapsize=131072
ignoring nonexistent directory "/Library/Developer/CommandLineTools/SDKs/MacOSX12.3.sdk/usr/local/include"
ignoring nonexistent directory "/opt/homebrew/Cellar/gcc/11.2.0/lib/gcc/11/gcc/aarch64-apple-darwin20/11.1.0/../../../../../../aarch64-apple-darwin20/include"
ignoring nonexistent directory "/Library/Developer/CommandLineTools/SDKs/MacOSX12.3.sdk/Library/Frameworks"
#include "..." search starts here:
#include <...> search starts here:
 /opt/homebrew/Cellar/gcc/11.2.0/lib/gcc/11/gcc/aarch64-apple-darwin20/11.1.0/../../../../../../include/c++/11.1.0
 /opt/homebrew/Cellar/gcc/11.2.0/lib/gcc/11/gcc/aarch64-apple-darwin20/11.1.0/../../../../../../include/c++/11.1.0/aarch64-apple-darwin20
 /opt/homebrew/Cellar/gcc/11.2.0/lib/gcc/11/gcc/aarch64-apple-darwin20/11.1.0/../../../../../../include/c++/11.1.0/backward
 /opt/homebrew/Cellar/gcc/11.2.0/lib/gcc/11/gcc/aarch64-apple-darwin20/11.1.0/include
 /opt/homebrew/Cellar/gcc/11.2.0/lib/gcc/11/gcc/aarch64-apple-darwin20/11.1.0/include-fixed
 /Library/Developer/CommandLineTools/SDKs/MacOSX12.3.sdk/usr/include
 /Library/Developer/CommandLineTools/SDKs/MacOSX12.3.sdk/System/Library/Frameworks
End of search list.
GNU C++17 (Homebrew GCC 11.2.0) version 11.1.0 (aarch64-apple-darwin20)
	compiled by GNU C version 11.1.0, GMP version 6.2.1, MPFR version 4.1.0, MPC version 1.2.1, isl version isl-0.24-GMP

GGC heuristics: --param ggc-min-expand=100 --param ggc-min-heapsize=131072
Compiler executable checksum: 8c4dfc26dbd0a1c1a63f0177bfaeaead
COLLECT_GCC_OPTIONS='-isysroot' '/Library/Developer/CommandLineTools/SDKs/MacOSX12.3.sdk' '-v' '-o' 'CMakeFiles/cmTC_f5aed.dir/CMakeCXXCompilerABI.cpp.o' '-c' '-mmacosx-version-min=11.3.0'  '-mlittle-endian' '-mabi=lp64' '-dumpdir' 'CMakeFiles/cmTC_f5aed.dir/'
 as -arch arm64 -v -mmacosx-version-min=11.3 -o CMakeFiles/cmTC_f5aed.dir/CMakeCXXCompilerABI.cpp.o /var/folders/33/81vvrssj6sqbkzd0ysry8n_m0000gn/T//cchlFYYe.s
Apple clang version 13.1.6 (clang-1316.0.21.2)
Target: arm64-apple-darwin21.4.0
Thread model: posix
InstalledDir: /Library/Developer/CommandLineTools/usr/bin
 "/Library/Developer/CommandLineTools/usr/bin/clang" -cc1as -triple arm64-apple-macosx11.3.0 -filetype obj -main-file-name cchlFYYe.s -target-cpu apple-m1 -target-feature +v8.5a -target-feature +fp-armv8 -target-feature +neon -target-feature +crc -target-feature +crypto -target-feature +dotprod -target-feature +fp16fml -target-feature +ras -target-feature +lse -target-feature +rdm -target-feature +rcpc -target-feature +zcm -target-feature +zcz -target-feature +fullfp16 -target-feature +sm4 -target-feature +sha3 -target-feature +sha2 -target-feature +aes -fdebug-compilation-dir=/Users/reebdeve/CLionProjects/CatLog/cmake-build-debug/CMakeFiles/CMakeTmp -dwarf-debug-producer "Apple clang version 13.1.6 (clang-1316.0.21.2)" -dwarf-version=4 -mrelocation-model pic --mrelax-relocations -mllvm -disable-aligned-alloc-awareness=1 -o CMakeFiles/cmTC_f5aed.dir/CMakeCXXCompilerABI.cpp.o /var/folders/33/81vvrssj6sqbkzd0ysry8n_m0000gn/T//cchlFYYe.s
COMPILER_PATH=/opt/homebrew/Cellar/gcc/11.2.0/libexec/gcc/aarch64-apple-darwin20/11.1.0/:/opt/homebrew/Cellar/gcc/11.2.0/libexec/gcc/aarch64-apple-darwin20/11.1.0/:/opt/homebrew/Cellar/gcc/11.2.0/libexec/gcc/aarch64-apple-darwin20/:/opt/homebrew/Cellar/gcc/11.2.0/lib/gcc/11/gcc/aarch64-apple-darwin20/11.1.0/:/opt/homebrew/Cellar/gcc/11.2.0/lib/gcc/11/gcc/aarch64-apple-darwin20/
LIBRARY_PATH=/opt/homebrew/Cellar/gcc/11.2.0/lib/gcc/11/gcc/aarch64-apple-darwin20/11.1.0/:/opt/homebrew/Cellar/gcc/11.2.0/lib/gcc/11/gcc/aarch64-apple-darwin20/11.1.0/../../../
COLLECT_GCC_OPTIONS='-isysroot' '/Library/Developer/CommandLineTools/SDKs/MacOSX12.3.sdk' '-v' '-o' 'CMakeFiles/cmTC_f5aed.dir/CMakeCXXCompilerABI.cpp.o' '-c' '-mmacosx-version-min=11.3.0'  '-mlittle-endian' '-mabi=lp64' '-dumpdir' 'CMakeFiles/cmTC_f5aed.dir/CMakeCXXCompilerABI.cpp.'
Linking CXX executable cmTC_f5aed
/Applications/CLion.app/Contents/bin/cmake/mac/bin/cmake -E cmake_link_script CMakeFiles/cmTC_f5aed.dir/link.txt --verbose=1
/opt/homebrew/Cellar/gcc/11.2.0/bin/g++-11  -arch arm64 -isysroot /Library/Developer/CommandLineTools/SDKs/MacOSX12.3.sdk -Wl,-search_paths_first -Wl,-headerpad_max_install_names  -v -Wl,-v CMakeFiles/cmTC_f5aed.dir/CMakeCXXCompilerABI.cpp.o -o cmTC_f5aed 
Using built-in specs.
COLLECT_GCC=/opt/homebrew/Cellar/gcc/11.2.0/bin/g++-11
COLLECT_LTO_WRAPPER=/opt/homebrew/Cellar/gcc/11.2.0/libexec/gcc/aarch64-apple-darwin20/11.1.0/lto-wrapper
Target: aarch64-apple-darwin20
Configured with: ../configure --prefix=/opt/homebrew/Cellar/gcc/11.2.0 --libdir=/opt/homebrew/Cellar/gcc/11.2.0/lib/gcc/11 --disable-nls --enable-checking=release --enable-languages=c,c++,objc,obj-c++,fortran --program-suffix=-11 --with-gmp=/opt/homebrew/opt/gmp --with-mpfr=/opt/homebrew/opt/mpfr --with-mpc=/opt/homebrew/opt/libmpc --with-isl=/opt/homebrew/opt/isl --with-zstd=/opt/homebrew/opt/zstd --with-pkgversion='Homebrew GCC 11.2.0' --with-bugurl=https://github.com/Homebrew/homebrew-core/issues --build=aarch64-apple-darwin20 --with-system-zlib --disable-multilib --with-native-system-header-dir=/usr/include --with-sysroot=/Library/Developer/CommandLineTools/SDKs/MacOSX.sdk
Thread model: posix
Supported LTO compression algorithms: zlib zstd
gcc version 11.1.0 (Homebrew GCC 11.2.0) 
COMPILER_PATH=/opt/homebrew/Cellar/gcc/11.2.0/libexec/gcc/aarch64-apple-darwin20/11.1.0/:/opt/homebrew/Cellar/gcc/11.2.0/libexec/gcc/aarch64-apple-darwin20/11.1.0/:/opt/homebrew/Cellar/gcc/11.2.0/libexec/gcc/aarch64-apple-darwin20/:/opt/homebrew/Cellar/gcc/11.2.0/lib/gcc/11/gcc/aarch64-apple-darwin20/11.1.0/:/opt/homebrew/Cellar/gcc/11.2.0/lib/gcc/11/gcc/aarch64-apple-darwin20/
LIBRARY_PATH=/opt/homebrew/Cellar/gcc/11.2.0/lib/gcc/11/gcc/aarch64-apple-darwin20/11.1.0/:/opt/homebrew/Cellar/gcc/11.2.0/lib/gcc/11/gcc/aarch64-apple-darwin20/11.1.0/../../../
COLLECT_GCC_OPTIONS='-isysroot' '/Library/Developer/CommandLineTools/SDKs/MacOSX12.3.sdk' '-v' '-o' 'cmTC_f5aed' '-mmacosx-version-min=11.3.0' '-asm_macosx_version_min=11.3' '-mlittle-endian' '-mabi=lp64' '-dumpdir' 'cmTC_f5aed.'
 /opt/homebrew/Cellar/gcc/11.2.0/libexec/gcc/aarch64-apple-darwin20/11.1.0/collect2 -dynamic -arch arm64 -macosx_version_min 11.3.0 -syslibroot /Library/Developer/CommandLineTools/SDKs/MacOSX12.3.sdk -weak_reference_mismatches non-weak -o cmTC_f5aed -L/opt/homebrew/Cellar/gcc/11.2.0/lib/gcc/11/gcc/aarch64-apple-darwin20/11.1.0 -L/opt/homebrew/Cellar/gcc/11.2.0/lib/gcc/11/gcc/aarch64-apple-darwin20/11.1.0/../../.. -search_paths_first -headerpad_max_install_names -v CMakeFiles/cmTC_f5aed.dir/CMakeCXXCompilerABI.cpp.o -lstdc++ -lgcc_s.1.1 -lgcc -lSystem -lgcc -no_compact_unwind -rpath @loader_path -rpath /opt/homebrew/Cellar/gcc/11.2.0/lib/gcc/11/gcc/aarch64-apple-darwin20/11.1.0 -rpath /opt/homebrew/Cellar/gcc/11.2.0/lib/gcc/11/gcc/aarch64-apple-darwin20/11.1.0/../../.. -v
collect2 version 11.1.0
/usr/bin/ld -dynamic -arch arm64 -macosx_version_min 11.3.0 -syslibroot /Library/Developer/CommandLineTools/SDKs/MacOSX12.3.sdk -weak_reference_mismatches non-weak -o cmTC_f5aed -L/opt/homebrew/Cellar/gcc/11.2.0/lib/gcc/11/gcc/aarch64-apple-darwin20/11.1.0 -L/opt/homebrew/Cellar/gcc/11.2.0/lib/gcc/11/gcc/aarch64-apple-darwin20/11.1.0/../../.. -search_paths_first -headerpad_max_install_names -v CMakeFiles/cmTC_f5aed.dir/CMakeCXXCompilerABI.cpp.o -lstdc++ -lgcc_s.1.1 -lgcc -lSystem -lgcc -no_compact_unwind -rpath @loader_path -rpath /opt/homebrew/Cellar/gcc/11.2.0/lib/gcc/11/gcc/aarch64-apple-darwin20/11.1.0 -rpath /opt/homebrew/Cellar/gcc/11.2.0/lib/gcc/11/gcc/aarch64-apple-darwin20/11.1.0/../../.. -v
@(#)PROGRAM:ld  PROJECT:ld64-762
BUILD 06:28:58 Feb 18 2022
configured to support archs: armv6 armv7 armv7s arm64 arm64e arm64_32 i386 x86_64 x86_64h armv6m armv7k armv7m armv7em
@(#)PROGRAM:ld  PROJECT:ld64-762
BUILD 06:28:58 Feb 18 2022
configured to support archs: armv6 armv7 armv7s arm64 arm64e arm64_32 i386 x86_64 x86_64h armv6m armv7k armv7m armv7em
Library search paths:
	/opt/homebrew/Cellar/gcc/11.2.0/lib/gcc/11/gcc/aarch64-apple-darwin20/11.1.0
	/opt/homebrew/Cellar/gcc/11.2.0/lib/gcc/11
	/Library/Developer/CommandLineTools/SDKs/MacOSX12.3.sdk/usr/lib
Framework search paths:
	/Library/Developer/CommandLineTools/SDKs/MacOSX12.3.sdk/System/Library/Frameworks/
ld: warning: dylib (/opt/homebrew/Cellar/gcc/11.2.0/lib/gcc/11/libstdc++.dylib) was built for newer macOS version (11.4) than being linked (11.3)



Parsed CXX implicit include dir info from above output: rv=done
  found start of include info
  found start of implicit include info
    add: [/opt/homebrew/Cellar/gcc/11.2.0/lib/gcc/11/gcc/aarch64-apple-darwin20/11.1.0/../../../../../../include/c++/11.1.0]
    add: [/opt/homebrew/Cellar/gcc/11.2.0/lib/gcc/11/gcc/aarch64-apple-darwin20/11.1.0/../../../../../../include/c++/11.1.0/aarch64-apple-darwin20]
    add: [/opt/homebrew/Cellar/gcc/11.2.0/lib/gcc/11/gcc/aarch64-apple-darwin20/11.1.0/../../../../../../include/c++/11.1.0/backward]
    add: [/opt/homebrew/Cellar/gcc/11.2.0/lib/gcc/11/gcc/aarch64-apple-darwin20/11.1.0/include]
    add: [/opt/homebrew/Cellar/gcc/11.2.0/lib/gcc/11/gcc/aarch64-apple-darwin20/11.1.0/include-fixed]
    add: [/Library/Developer/CommandLineTools/SDKs/MacOSX12.3.sdk/usr/include]
    add: [/Library/Developer/CommandLineTools/SDKs/MacOSX12.3.sdk/System/Library/Frameworks]
  end of search list found
  collapse include dir [/opt/homebrew/Cellar/gcc/11.2.0/lib/gcc/11/gcc/aarch64-apple-darwin20/11.1.0/../../../../../../include/c++/11.1.0] ==> [/opt/homebrew/Cellar/gcc/11.2.0/include/c++/11.1.0]
  collapse include dir [/opt/homebrew/Cellar/gcc/11.2.0/lib/gcc/11/gcc/aarch64-apple-darwin20/11.1.0/../../../../../../include/c++/11.1.0/aarch64-apple-darwin20] ==> [/opt/homebrew/Cellar/gcc/11.2.0/include/c++/11.1.0/aarch64-apple-darwin20]
  collapse include dir [/opt/homebrew/Cellar/gcc/11.2.0/lib/gcc/11/gcc/aarch64-apple-darwin20/11.1.0/../../../../../../include/c++/11.1.0/backward] ==> [/opt/homebrew/Cellar/gcc/11.2.0/include/c++/11.1.0/backward]
  collapse include dir [/opt/homebrew/Cellar/gcc/11.2.0/lib/gcc/11/gcc/aarch64-apple-darwin20/11.1.0/include] ==> [/opt/homebrew/Cellar/gcc/11.2.0/lib/gcc/11/gcc/aarch64-apple-darwin20/11.1.0/include]
  collapse include dir [/opt/homebrew/Cellar/gcc/11.2.0/lib/gcc/11/gcc/aarch64-apple-darwin20/11.1.0/include-fixed] ==> [/opt/homebrew/Cellar/gcc/11.2.0/lib/gcc/11/gcc/aarch64-apple-darwin20/11.1.0/include-fixed]
  collapse include dir [/Library/Developer/CommandLineTools/SDKs/MacOSX12.3.sdk/usr/include] ==> [/Library/Developer/CommandLineTools/SDKs/MacOSX12.3.sdk/usr/include]
  collapse include dir [/Library/Developer/CommandLineTools/SDKs/MacOSX12.3.sdk/System/Library/Frameworks] ==> [/Library/Developer/CommandLineTools/SDKs/MacOSX12.3.sdk/System/Library/Frameworks]
  implicit include dirs: [/opt/homebrew/Cellar/gcc/11.2.0/include/c++/11.1.0;/opt/homebrew/Cellar/gcc/11.2.0/include/c++/11.1.0/aarch64-apple-darwin20;/opt/homebrew/Cellar/gcc/11.2.0/include/c++/11.1.0/backward;/opt/homebrew/Cellar/gcc/11.2.0/lib/gcc/11/gcc/aarch64-apple-darwin20/11.1.0/include;/opt/homebrew/Cellar/gcc/11.2.0/lib/gcc/11/gcc/aarch64-apple-darwin20/11.1.0/include-fixed;/Library/Developer/CommandLineTools/SDKs/MacOSX12.3.sdk/usr/include;/Library/Developer/CommandLineTools/SDKs/MacOSX12.3.sdk/System/Library/Frameworks]


Parsed CXX implicit link information from above output:
  link line regex: [^( *|.*[/\])(ld|CMAKE_LINK_STARTFILE-NOTFOUND|([^/\]+-)?ld|collect2)[^/\]*( |$)]
  ignore line: [Change Dir: /Users/reebdeve/CLionProjects/CatLog/cmake-build-debug/CMakeFiles/CMakeTmp]
  ignore line: []
  ignore line: [Run Build Command(s):/usr/bin/make -f Makefile cmTC_f5aed/fast && /Library/Developer/CommandLineTools/usr/bin/make  -f CMakeFiles/cmTC_f5aed.dir/build.make CMakeFiles/cmTC_f5aed.dir/build]
  ignore line: [Building CXX object CMakeFiles/cmTC_f5aed.dir/CMakeCXXCompilerABI.cpp.o]
  ignore line: [/opt/homebrew/Cellar/gcc/11.2.0/bin/g++-11   -arch arm64 -isysroot /Library/Developer/CommandLineTools/SDKs/MacOSX12.3.sdk   -v -Wl -v -o CMakeFiles/cmTC_f5aed.dir/CMakeCXXCompilerABI.cpp.o -c /Applications/CLion.app/Contents/bin/cmake/mac/share/cmake-3.20/Modules/CMakeCXXCompilerABI.cpp]
  ignore line: [Using built-in specs.]
  ignore line: [COLLECT_GCC=/opt/homebrew/Cellar/gcc/11.2.0/bin/g++-11]
  ignore line: [Target: aarch64-apple-darwin20]
  ignore line: [Configured with: ../configure --prefix=/opt/homebrew/Cellar/gcc/11.2.0 --libdir=/opt/homebrew/Cellar/gcc/11.2.0/lib/gcc/11 --disable-nls --enable-checking=release --enable-languages=c c++ objc obj-c++ fortran --program-suffix=-11 --with-gmp=/opt/homebrew/opt/gmp --with-mpfr=/opt/homebrew/opt/mpfr --with-mpc=/opt/homebrew/opt/libmpc --with-isl=/opt/homebrew/opt/isl --with-zstd=/opt/homebrew/opt/zstd --with-pkgversion='Homebrew GCC 11.2.0' --with-bugurl=https://github.com/Homebrew/homebrew-core/issues --build=aarch64-apple-darwin20 --with-system-zlib --disable-multilib --with-native-system-header-dir=/usr/include --with-sysroot=/Library/Developer/CommandLineTools/SDKs/MacOSX.sdk]
  ignore line: [Thread model: posix]
  ignore line: [Supported LTO compression algorithms: zlib zstd]
  ignore line: [gcc version 11.1.0 (Homebrew GCC 11.2.0) ]
  ignore line: [COLLECT_GCC_OPTIONS='-isysroot' '/Library/Developer/CommandLineTools/SDKs/MacOSX12.3.sdk' '-v' '-o' 'CMakeFiles/cmTC_f5aed.dir/CMakeCXXCompilerABI.cpp.o' '-c' '-mmacosx-version-min=11.3.0' '-asm_macosx_version_min=11.3' '-mlittle-endian' '-mabi=lp64' '-dumpdir' 'CMakeFiles/cmTC_f5aed.dir/']
  ignore line: [ /opt/homebrew/Cellar/gcc/11.2.0/libexec/gcc/aarch64-apple-darwin20/11.1.0/cc1plus -quiet -v -D__DYNAMIC__ -isysroot /Library/Developer/CommandLineTools/SDKs/MacOSX12.3.sdk /Applications/CLion.app/Contents/bin/cmake/mac/share/cmake-3.20/Modules/CMakeCXXCompilerABI.cpp -fPIC -quiet -dumpdir CMakeFiles/cmTC_f5aed.dir/ -dumpbase CMakeCXXCompilerABI.cpp.cpp -dumpbase-ext .cpp -mmacosx-version-min=11.3.0 -mlittle-endian -mabi=lp64 -version -o /var/folders/33/81vvrssj6sqbkzd0ysry8n_m0000gn/T//cchlFYYe.s]
  ignore line: [GNU C++17 (Homebrew GCC 11.2.0) version 11.1.0 (aarch64-apple-darwin20)]
  ignore line: [	compiled by GNU C version 11.1.0  GMP version 6.2.1  MPFR version 4.1.0  MPC version 1.2.1  isl version isl-0.24-GMP]
  ignore line: []
  ignore line: [GGC heuristics: --param ggc-min-expand=100 --param ggc-min-heapsize=131072]
  ignore line: [ignoring nonexistent directory "/Library/Developer/CommandLineTools/SDKs/MacOSX12.3.sdk/usr/local/include"]
  ignore line: [ignoring nonexistent directory "/opt/homebrew/Cellar/gcc/11.2.0/lib/gcc/11/gcc/aarch64-apple-darwin20/11.1.0/../../../../../../aarch64-apple-darwin20/include"]
  ignore line: [ignoring nonexistent directory "/Library/Developer/CommandLineTools/SDKs/MacOSX12.3.sdk/Library/Frameworks"]
  ignore line: [#include "..." search starts here:]
  ignore line: [#include <...> search starts here:]
  ignore line: [ /opt/homebrew/Cellar/gcc/11.2.0/lib/gcc/11/gcc/aarch64-apple-darwin20/11.1.0/../../../../../../include/c++/11.1.0]
  ignore line: [ /opt/homebrew/Cellar/gcc/11.2.0/lib/gcc/11/gcc/aarch64-apple-darwin20/11.1.0/../../../../../../include/c++/11.1.0/aarch64-apple-darwin20]
  ignore line: [ /opt/homebrew/Cellar/gcc/11.2.0/lib/gcc/11/gcc/aarch64-apple-darwin20/11.1.0/../../../../../../include/c++/11.1.0/backward]
  ignore line: [ /opt/homebrew/Cellar/gcc/11.2.0/lib/gcc/11/gcc/aarch64-apple-darwin20/11.1.0/include]
  ignore line: [ /opt/homebrew/Cellar/gcc/11.2.0/lib/gcc/11/gcc/aarch64-apple-darwin20/11.1.0/include-fixed]
  ignore line: [ /Library/Developer/CommandLineTools/SDKs/MacOSX12.3.sdk/usr/include]
  ignore line: [ /Library/Developer/CommandLineTools/SDKs/MacOSX12.3.sdk/System/Library/Frameworks]
  ignore line: [End of search list.]
  ignore line: [GNU C++17 (Homebrew GCC 11.2.0) version 11.1.0 (aarch64-apple-darwin20)]
  ignore line: [	compiled by GNU C version 11.1.0  GMP version 6.2.1  MPFR version 4.1.0  MPC version 1.2.1  isl version isl-0.24-GMP]
  ignore line: []
  ignore line: [GGC heuristics: --param ggc-min-expand=100 --param ggc-min-heapsize=131072]
  ignore line: [Compiler executable checksum: 8c4dfc26dbd0a1c1a63f0177bfaeaead]
  ignore line: [COLLECT_GCC_OPTIONS='-isysroot' '/Library/Developer/CommandLineTools/SDKs/MacOSX12.3.sdk' '-v' '-o' 'CMakeFiles/cmTC_f5aed.dir/CMakeCXXCompilerABI.cpp.o' '-c' '-mmacosx-version-min=11.3.0'  '-mlittle-endian' '-mabi=lp64' '-dumpdir' 'CMakeFiles/cmTC_f5aed.dir/']
  ignore line: [ as -arch arm64 -v -mmacosx-version-min=11.3 -o CMakeFiles/cmTC_f5aed.dir/CMakeCXXCompilerABI.cpp.o /var/folders/33/81vvrssj6sqbkzd0ysry8n_m0000gn/T//cchlFYYe.s]
  ignore line: [Apple clang version 13.1.6 (clang-1316.0.21.2)]
  ignore line: [Target: arm64-apple-darwin21.4.0]
  ignore line: [Thread model: posix]
  ignore line: [InstalledDir: /Library/Developer/CommandLineTools/usr/bin]
  ignore line: [ "/Library/Developer/CommandLineTools/usr/bin/clang" -cc1as -triple arm64-apple-macosx11.3.0 -filetype obj -main-file-name cchlFYYe.s -target-cpu apple-m1 -target-feature +v8.5a -target-feature +fp-armv8 -target-feature +neon -target-feature +crc -target-feature +crypto -target-feature +dotprod -target-feature +fp16fml -target-feature +ras -target-feature +lse -target-feature +rdm -target-feature +rcpc -target-feature +zcm -target-feature +zcz -target-feature +fullfp16 -target-feature +sm4 -target-feature +sha3 -target-feature +sha2 -target-feature +aes -fdebug-compilation-dir=/Users/reebdeve/CLionProjects/CatLog/cmake-build-debug/CMakeFiles/CMakeTmp -dwarf-debug-producer "Apple clang version 13.1.6 (clang-1316.0.21.2)" -dwarf-version=4 -mrelocation-model pic --mrelax-relocations -mllvm -disable-aligned-alloc-awareness=1 -o CMakeFiles/cmTC_f5aed.dir/CMakeCXXCompilerABI.cpp.o /var/folders/33/81vvrssj6sqbkzd0ysry8n_m0000gn/T//cchlFYYe.s]
  ignore line: [COMPILER_PATH=/opt/homebrew/Cellar/gcc/11.2.0/libexec/gcc/aarch64-apple-darwin20/11.1.0/:/opt/homebrew/Cellar/gcc/11.2.0/libexec/gcc/aarch64-apple-darwin20/11.1.0/:/opt/homebrew/Cellar/gcc/11.2.0/libexec/gcc/aarch64-apple-darwin20/:/opt/homebrew/Cellar/gcc/11.2.0/lib/gcc/11/gcc/aarch64-apple-darwin20/11.1.0/:/opt/homebrew/Cellar/gcc/11.2.0/lib/gcc/11/gcc/aarch64-apple-darwin20/]
  ignore line: [LIBRARY_PATH=/opt/homebrew/Cellar/gcc/11.2.0/lib/gcc/11/gcc/aarch64-apple-darwin20/11.1.0/:/opt/homebrew/Cellar/gcc/11.2.0/lib/gcc/11/gcc/aarch64-apple-darwin20/11.1.0/../../../]
  ignore line: [COLLECT_GCC_OPTIONS='-isysroot' '/Library/Developer/CommandLineTools/SDKs/MacOSX12.3.sdk' '-v' '-o' 'CMakeFiles/cmTC_f5aed.dir/CMakeCXXCompilerABI.cpp.o' '-c' '-mmacosx-version-min=11.3.0'  '-mlittle-endian' '-mabi=lp64' '-dumpdir' 'CMakeFiles/cmTC_f5aed.dir/CMakeCXXCompilerABI.cpp.']
  ignore line: [Linking CXX executable cmTC_f5aed]
  ignore line: [/Applications/CLion.app/Contents/bin/cmake/mac/bin/cmake -E cmake_link_script CMakeFiles/cmTC_f5aed.dir/link.txt --verbose=1]
  ignore line: [/opt/homebrew/Cellar/gcc/11.2.0/bin/g++-11  -arch arm64 -isysroot /Library/Developer/CommandLineTools/SDKs/MacOSX12.3.sdk -Wl -search_paths_first -Wl -headerpad_max_install_names  -v -Wl -v CMakeFiles/cmTC_f5aed.dir/CMakeCXXCompilerABI.cpp.o -o cmTC_f5aed ]
  ignore line: [Using built-in specs.]
  ignore line: [COLLECT_GCC=/opt/homebrew/Cellar/gcc/11.2.0/bin/g++-11]
  ignore line: [COLLECT_LTO_WRAPPER=/opt/homebrew/Cellar/gcc/11.2.0/libexec/gcc/aarch64-apple-darwin20/11.1.0/lto-wrapper]
  ignore line: [Target: aarch64-apple-darwin20]
  ignore line: [Configured with: ../configure --prefix=/opt/homebrew/Cellar/gcc/11.2.0 --libdir=/opt/homebrew/Cellar/gcc/11.2.0/lib/gcc/11 --disable-nls --enable-checking=release --enable-languages=c c++ objc obj-c++ fortran --program-suffix=-11 --with-gmp=/opt/homebrew/opt/gmp --with-mpfr=/opt/homebrew/opt/mpfr --with-mpc=/opt/homebrew/opt/libmpc --with-isl=/opt/homebrew/opt/isl --with-zstd=/opt/homebrew/opt/zstd --with-pkgversion='Homebrew GCC 11.2.0' --with-bugurl=https://github.com/Homebrew/homebrew-core/issues --build=aarch64-apple-darwin20 --with-system-zlib --disable-multilib --with-native-system-header-dir=/usr/include --with-sysroot=/Library/Developer/CommandLineTools/SDKs/MacOSX.sdk]
  ignore line: [Thread model: posix]
  ignore line: [Supported LTO compression algorithms: zlib zstd]
  ignore line: [gcc version 11.1.0 (Homebrew GCC 11.2.0) ]
  ignore line: [COMPILER_PATH=/opt/homebrew/Cellar/gcc/11.2.0/libexec/gcc/aarch64-apple-darwin20/11.1.0/:/opt/homebrew/Cellar/gcc/11.2.0/libexec/gcc/aarch64-apple-darwin20/11.1.0/:/opt/homebrew/Cellar/gcc/11.2.0/libexec/gcc/aarch64-apple-darwin20/:/opt/homebrew/Cellar/gcc/11.2.0/lib/gcc/11/gcc/aarch64-apple-darwin20/11.1.0/:/opt/homebrew/Cellar/gcc/11.2.0/lib/gcc/11/gcc/aarch64-apple-darwin20/]
  ignore line: [LIBRARY_PATH=/opt/homebrew/Cellar/gcc/11.2.0/lib/gcc/11/gcc/aarch64-apple-darwin20/11.1.0/:/opt/homebrew/Cellar/gcc/11.2.0/lib/gcc/11/gcc/aarch64-apple-darwin20/11.1.0/../../../]
  ignore line: [COLLECT_GCC_OPTIONS='-isysroot' '/Library/Developer/CommandLineTools/SDKs/MacOSX12.3.sdk' '-v' '-o' 'cmTC_f5aed' '-mmacosx-version-min=11.3.0' '-asm_macosx_version_min=11.3' '-mlittle-endian' '-mabi=lp64' '-dumpdir' 'cmTC_f5aed.']
  link line: [ /opt/homebrew/Cellar/gcc/11.2.0/libexec/gcc/aarch64-apple-darwin20/11.1.0/collect2 -dynamic -arch arm64 -macosx_version_min 11.3.0 -syslibroot /Library/Developer/CommandLineTools/SDKs/MacOSX12.3.sdk -weak_reference_mismatches non-weak -o cmTC_f5aed -L/opt/homebrew/Cellar/gcc/11.2.0/lib/gcc/11/gcc/aarch64-apple-darwin20/11.1.0 -L/opt/homebrew/Cellar/gcc/11.2.0/lib/gcc/11/gcc/aarch64-apple-darwin20/11.1.0/../../.. -search_paths_first -headerpad_max_install_names -v CMakeFiles/cmTC_f5aed.dir/CMakeCXXCompilerABI.cpp.o -lstdc++ -lgcc_s.1.1 -lgcc -lSystem -lgcc -no_compact_unwind -rpath @loader_path -rpath /opt/homebrew/Cellar/gcc/11.2.0/lib/gcc/11/gcc/aarch64-apple-darwin20/11.1.0 -rpath /opt/homebrew/Cellar/gcc/11.2.0/lib/gcc/11/gcc/aarch64-apple-darwin20/11.1.0/../../.. -v]
    arg [/opt/homebrew/Cellar/gcc/11.2.0/libexec/gcc/aarch64-apple-darwin20/11.1.0/collect2] ==> ignore
    arg [-dynamic] ==> ignore
    arg [-arch] ==> ignore
    arg [arm64] ==> ignore
    arg [-macosx_version_min] ==> ignore
    arg [11.3.0] ==> ignore
    arg [-syslibroot] ==> ignore
    arg [/Library/Developer/CommandLineTools/SDKs/MacOSX12.3.sdk] ==> ignore
    arg [-weak_reference_mismatches] ==> ignore
    arg [non-weak] ==> ignore
    arg [-o] ==> ignore
    arg [cmTC_f5aed] ==> ignore
    arg [-L/opt/homebrew/Cellar/gcc/11.2.0/lib/gcc/11/gcc/aarch64-apple-darwin20/11.1.0] ==> dir [/opt/homebrew/Cellar/gcc/11.2.0/lib/gcc/11/gcc/aarch64-apple-darwin20/11.1.0]
    arg [-L/opt/homebrew/Cellar/gcc/11.2.0/lib/gcc/11/gcc/aarch64-apple-darwin20/11.1.0/../../..] ==> dir [/opt/homebrew/Cellar/gcc/11.2.0/lib/gcc/11/gcc/aarch64-apple-darwin20/11.1.0/../../..]
    arg [-search_paths_first] ==> ignore
    arg [-headerpad_max_install_names] ==> ignore
    arg [-v] ==> ignore
    arg [CMakeFiles/cmTC_f5aed.dir/CMakeCXXCompilerABI.cpp.o] ==> ignore
    arg [-lstdc++] ==> lib [stdc++]
    arg [-lgcc_s.1.1] ==> lib [gcc_s.1.1]
    arg [-lgcc] ==> lib [gcc]
    arg [-lSystem] ==> lib [System]
    arg [-lgcc] ==> lib [gcc]
    arg [-no_compact_unwind] ==> ignore
    arg [-rpath] ==> ignore
    arg [@loader_path] ==> ignore
    arg [-rpath] ==> ignore
    arg [/opt/homebrew/Cellar/gcc/11.2.0/lib/gcc/11/gcc/aarch64-apple-darwin20/11.1.0] ==> ignore
    arg [-rpath] ==> ignore
    arg [/opt/homebrew/Cellar/gcc/11.2.0/lib/gcc/11/gcc/aarch64-apple-darwin20/11.1.0/../../..] ==> ignore
    arg [-v] ==> ignore
  Library search paths: [;/opt/homebrew/Cellar/gcc/11.2.0/lib/gcc/11/gcc/aarch64-apple-darwin20/11.1.0;/opt/homebrew/Cellar/gcc/11.2.0/lib/gcc/11;/Library/Developer/CommandLineTools/SDKs/MacOSX12.3.sdk/usr/lib]
  Framework search paths: [;/Library/Developer/CommandLineTools/SDKs/MacOSX12.3.sdk/System/Library/Frameworks/]
  remove lib [System]
  collapse library dir [/opt/homebrew/Cellar/gcc/11.2.0/lib/gcc/11/gcc/aarch64-apple-darwin20/11.1.0] ==> [/opt/homebrew/Cellar/gcc/11.2.0/lib/gcc/11/gcc/aarch64-apple-darwin20/11.1.0]
  collapse library dir [/opt/homebrew/Cellar/gcc/11.2.0/lib/gcc/11/gcc/aarch64-apple-darwin20/11.1.0/../../..] ==> [/opt/homebrew/Cellar/gcc/11.2.0/lib/gcc/11]
  collapse library dir [/opt/homebrew/Cellar/gcc/11.2.0/lib/gcc/11/gcc/aarch64-apple-darwin20/11.1.0] ==> [/opt/homebrew/Cellar/gcc/11.2.0/lib/gcc/11/gcc/aarch64-apple-darwin20/11.1.0]
  collapse library dir [/opt/homebrew/Cellar/gcc/11.2.0/lib/gcc/11] ==> [/opt/homebrew/Cellar/gcc/11.2.0/lib/gcc/11]
  collapse library dir [/Library/Developer/CommandLineTools/SDKs/MacOSX12.3.sdk/usr/lib] ==> [/Library/Developer/CommandLineTools/SDKs/MacOSX12.3.sdk/usr/lib]
  collapse framework dir [/Library/Developer/CommandLineTools/SDKs/MacOSX12.3.sdk/System/Library/Frameworks/] ==> [/Library/Developer/CommandLineTools/SDKs/MacOSX12.3.sdk/System/Library/Frameworks]
  implicit libs: [stdc++;gcc_s.1.1;gcc;gcc]
  implicit objs: []
  implicit dirs: [/opt/homebrew/Cellar/gcc/11.2.0/lib/gcc/11/gcc/aarch64-apple-darwin20/11.1.0;/opt/homebrew/Cellar/gcc/11.2.0/lib/gcc/11;/Library/Developer/CommandLineTools/SDKs/MacOSX12.3.sdk/usr/lib]
  implicit fwks: [/Library/Developer/CommandLineTools/SDKs/MacOSX12.3.sdk/System/Library/Frameworks]


Determining if the include file unistd.h exists passed with the following output:
Change Dir: /Users/reebdeve/CLionProjects/CatLog/cmake-build-debug/CMakeFiles/CMakeTmp

Run Build Command(s):/usr/bin/make -f Makefile cmTC_a7723/fast && /Library/Developer/CommandLineTools/usr/bin/make  -f CMakeFiles/cmTC_a7723.dir/build.make CMakeFiles/cmTC_a7723.dir/build
Building C object CMakeFiles/cmTC_a7723.dir/CheckIncludeFile.c.o
/opt/homebrew/Cellar/gcc/11.2.0/bin/gcc-11   -arch arm64 -isysroot /Library/Developer/CommandLineTools/SDKs/MacOSX12.3.sdk -std=c11 -o CMakeFiles/cmTC_a7723.dir/CheckIncludeFile.c.o -c /Users/reebdeve/CLionProjects/CatLog/cmake-build-debug/CMakeFiles/CMakeTmp/CheckIncludeFile.c
Linking C executable cmTC_a7723
/Applications/CLion.app/Contents/bin/cmake/mac/bin/cmake -E cmake_link_script CMakeFiles/cmTC_a7723.dir/link.txt --verbose=1
/opt/homebrew/Cellar/gcc/11.2.0/bin/gcc-11  -arch arm64 -isysroot /Library/Developer/CommandLineTools/SDKs/MacOSX12.3.sdk -Wl,-search_paths_first -Wl,-headerpad_max_install_names CMakeFiles/cmTC_a7723.dir/CheckIncludeFile.c.o -o cmTC_a7723 



Determining if the F_FULLFSYNC exist passed with the following output:
Change Dir: /Users/reebdeve/CLionProjects/CatLog/cmake-build-debug/CMakeFiles/CMakeTmp

Run Build Command(s):/usr/bin/make -f Makefile cmTC_f8a3e/fast && /Library/Developer/CommandLineTools/usr/bin/make  -f CMakeFiles/cmTC_f8a3e.dir/build.make CMakeFiles/cmTC_f8a3e.dir/build
Building CXX object CMakeFiles/cmTC_f8a3e.dir/CheckSymbolExists.cxx.o
/opt/homebrew/Cellar/gcc/11.2.0/bin/g++-11   -arch arm64 -isysroot /Library/Developer/CommandLineTools/SDKs/MacOSX12.3.sdk -std=gnu++14 -o CMakeFiles/cmTC_f8a3e.dir/CheckSymbolExists.cxx.o -c /Users/reebdeve/CLionProjects/CatLog/cmake-build-debug/CMakeFiles/CMakeTmp/CheckSymbolExists.cxx
Linking CXX executable cmTC_f8a3e
/Applications/CLion.app/Contents/bin/cmake/mac/bin/cmake -E cmake_link_script CMakeFiles/cmTC_f8a3e.dir/link.txt --verbose=1
/opt/homebrew/Cellar/gcc/11.2.0/bin/g++-11  -arch arm64 -isysroot /Library/Developer/CommandLineTools/SDKs/MacOSX12.3.sdk -Wl,-search_paths_first -Wl,-headerpad_max_install_names CMakeFiles/cmTC_f8a3e.dir/CheckSymbolExists.cxx.o -o cmTC_f8a3e 
ld: warning: dylib (/opt/homebrew/Cellar/gcc/11.2.0/lib/gcc/11/libstdc++.dylib) was built for newer macOS version (11.4) than being linked (11.3)


File /Users/reebdeve/CLionProjects/CatLog/cmake-build-debug/CMakeFiles/CMakeTmp/CheckSymbolExists.cxx:
/* */
#include <fcntl.h>

int main(int argc, char** argv)
{
  (void)argv;
#ifndef F_FULLFSYNC
  return ((int*)(&F_FULLFSYNC))[argc];
#else
  (void)argc;
  return 0;
#endif
}
Determining if the O_CLOEXEC exist passed with the following output:
Change Dir: /Users/reebdeve/CLionProjects/CatLog/cmake-build-debug/CMakeFiles/CMakeTmp

Run Build Command(s):/usr/bin/make -f Makefile cmTC_ff898/fast && /Library/Developer/CommandLineTools/usr/bin/make  -f CMakeFiles/cmTC_ff898.dir/build.make CMakeFiles/cmTC_ff898.dir/build
Building CXX object CMakeFiles/cmTC_ff898.dir/CheckSymbolExists.cxx.o
/opt/homebrew/Cellar/gcc/11.2.0/bin/g++-11   -arch arm64 -isysroot /Library/Developer/CommandLineTools/SDKs/MacOSX12.3.sdk -std=gnu++14 -o CMakeFiles/cmTC_ff898.dir/CheckSymbolExists.cxx.o -c /Users/reebdeve/CLionProjects/CatLog/cmake-build-debug/CMakeFiles/CMakeTmp/CheckSymbolExists.cxx
Linking CXX executable cmTC_ff898
/Applications/CLion.app/Contents/bin/cmake/mac/bin/cmake -E cmake_link_script CMakeFiles/cmTC_ff898.dir/link.txt --verbose=1
/opt/homebrew/Cellar/gcc/11.2.0/bin/g++-11  -arch arm64 -isysroot /Library/Developer/CommandLineTools/SDKs/MacOSX12.3.sdk -Wl,-search_paths_first -Wl,-headerpad_max_install_names CMakeFiles/cmTC_ff898.dir/CheckSymbolExists.cxx.o -o cmTC_ff898 
ld: warning: dylib (/opt/homebrew/Cellar/gcc/11.2.0/lib/gcc/11/libstdc++.dylib) was built for newer macOS version (11.4) than being linked (11.3)


File /Users/reebdeve/CLionProjects/CatLog/cmake-build-debug/CMakeFiles/CMakeTmp/CheckSymbolExists.cxx:
/* */
#include <fcntl.h>

int main(int argc, char** argv)
{
  (void)argv;
#ifndef O_CLOEXEC
  return ((int*)(&O_CLOEXEC))[argc];
#else
  (void)argc;
  return 0;
#endif
}
Performing C++ SOURCE FILE Test LEVELDB_HAVE_NO_MISSING_FIELD_INITIALIZERS succeeded with the following output:
Change Dir: /Users/reebdeve/CLionProjects/CatLog/cmake-build-debug/CMakeFiles/CMakeTmp

Run Build Command(s):/usr/bin/make -f Makefile cmTC_5e12f/fast && /Library/Developer/CommandLineTools/usr/bin/make  -f CMakeFiles/cmTC_5e12f.dir/build.make CMakeFiles/cmTC_5e12f.dir/build
Building CXX object CMakeFiles/cmTC_5e12f.dir/src.cxx.o
/opt/homebrew/Cellar/gcc/11.2.0/bin/g++-11 -DLEVELDB_HAVE_NO_MISSING_FIELD_INITIALIZERS  -fno-exceptions -fno-rtti  -arch arm64 -isysroot /Library/Developer/CommandLineTools/SDKs/MacOSX12.3.sdk   -Wno-missing-field-initializers -std=gnu++14 -o CMakeFiles/cmTC_5e12f.dir/src.cxx.o -c /Users/reebdeve/CLionProjects/CatLog/cmake-build-debug/CMakeFiles/CMakeTmp/src.cxx
Linking CXX executable cmTC_5e12f
/Applications/CLion.app/Contents/bin/cmake/mac/bin/cmake -E cmake_link_script CMakeFiles/cmTC_5e12f.dir/link.txt --verbose=1
/opt/homebrew/Cellar/gcc/11.2.0/bin/g++-11  -fno-exceptions -fno-rtti  -arch arm64 -isysroot /Library/Developer/CommandLineTools/SDKs/MacOSX12.3.sdk -Wl,-search_paths_first -Wl,-headerpad_max_install_names CMakeFiles/cmTC_5e12f.dir/src.cxx.o -o cmTC_5e12f 
ld: warning: dylib (/opt/homebrew/Cellar/gcc/11.2.0/lib/gcc/11/libstdc++.dylib) was built for newer macOS version (11.4) than being linked (11.3)


Source file was:
int main() { return 0; }
Performing C++ SOURCE FILE Test HAVE_CXX17_HAS_INCLUDE succeeded with the following output:
Change Dir: /Users/reebdeve/CLionProjects/CatLog/cmake-build-debug/CMakeFiles/CMakeTmp

Run Build Command(s):/usr/bin/make -f Makefile cmTC_d1058/fast && /Library/Developer/CommandLineTools/usr/bin/make  -f CMakeFiles/cmTC_d1058.dir/build.make CMakeFiles/cmTC_d1058.dir/build
Building CXX object CMakeFiles/cmTC_d1058.dir/src.cxx.o
/opt/homebrew/Cellar/gcc/11.2.0/bin/g++-11 -DHAVE_CXX17_HAS_INCLUDE  -fno-exceptions -fno-rtti  -arch arm64 -isysroot /Library/Developer/CommandLineTools/SDKs/MacOSX12.3.sdk -std=gnu++14 -o CMakeFiles/cmTC_d1058.dir/src.cxx.o -c /Users/reebdeve/CLionProjects/CatLog/cmake-build-debug/CMakeFiles/CMakeTmp/src.cxx
Linking CXX executable cmTC_d1058
/Applications/CLion.app/Contents/bin/cmake/mac/bin/cmake -E cmake_link_script CMakeFiles/cmTC_d1058.dir/link.txt --verbose=1
/opt/homebrew/Cellar/gcc/11.2.0/bin/g++-11  -fno-exceptions -fno-rtti  -arch arm64 -isysroot /Library/Developer/CommandLineTools/SDKs/MacOSX12.3.sdk -Wl,-search_paths_first -Wl,-headerpad_max_install_names CMakeFiles/cmTC_d1058.dir/src.cxx.o -o cmTC_d1058 
ld: warning: dylib (/opt/homebrew/Cellar/gcc/11.2.0/lib/gcc/11/libstdc++.dylib) was built for newer macOS version (11.4) than being linked (11.3)


Source file was:

#if defined(__has_include) &&  __has_include(<string>)
#include <string>
#endif
int main() { std::string str; return 0; }

Determining if the include file pthread.h exists passed with the following output:
Change Dir: /Users/reebdeve/CLionProjects/CatLog/cmake-build-debug/CMakeFiles/CMakeTmp

Run Build Command(s):/usr/bin/make -f Makefile cmTC_0fc13/fast && /Library/Developer/CommandLineTools/usr/bin/make  -f CMakeFiles/cmTC_0fc13.dir/build.make CMakeFiles/cmTC_0fc13.dir/build
Building C object CMakeFiles/cmTC_0fc13.dir/CheckIncludeFile.c.o
/opt/homebrew/Cellar/gcc/11.2.0/bin/gcc-11   -Wstrict-prototypes  -arch arm64 -isysroot /Library/Developer/CommandLineTools/SDKs/MacOSX12.3.sdk -std=c11 -o CMakeFiles/cmTC_0fc13.dir/CheckIncludeFile.c.o -c /Users/reebdeve/CLionProjects/CatLog/cmake-build-debug/CMakeFiles/CMakeTmp/CheckIncludeFile.c
Linking C executable cmTC_0fc13
/Applications/CLion.app/Contents/bin/cmake/mac/bin/cmake -E cmake_link_script CMakeFiles/cmTC_0fc13.dir/link.txt --verbose=1
/opt/homebrew/Cellar/gcc/11.2.0/bin/gcc-11  -Wstrict-prototypes  -arch arm64 -isysroot /Library/Developer/CommandLineTools/SDKs/MacOSX12.3.sdk -Wl,-search_paths_first -Wl,-headerpad_max_install_names CMakeFiles/cmTC_0fc13.dir/CheckIncludeFile.c.o -o cmTC_0fc13 



Performing C SOURCE FILE Test CMAKE_HAVE_LIBC_PTHREAD succeeded with the following output:
Change Dir: /Users/reebdeve/CLionProjects/CatLog/cmake-build-debug/CMakeFiles/CMakeTmp

Run Build Command(s):/usr/bin/make -f Makefile cmTC_4a915/fast && /Library/Developer/CommandLineTools/usr/bin/make  -f CMakeFiles/cmTC_4a915.dir/build.make CMakeFiles/cmTC_4a915.dir/build
Building C object CMakeFiles/cmTC_4a915.dir/src.c.o
/opt/homebrew/Cellar/gcc/11.2.0/bin/gcc-11 -DCMAKE_HAVE_LIBC_PTHREAD  -Wstrict-prototypes  -arch arm64 -isysroot /Library/Developer/CommandLineTools/SDKs/MacOSX12.3.sdk -std=c11 -o CMakeFiles/cmTC_4a915.dir/src.c.o -c /Users/reebdeve/CLionProjects/CatLog/cmake-build-debug/CMakeFiles/CMakeTmp/src.c
Linking C executable cmTC_4a915
/Applications/CLion.app/Contents/bin/cmake/mac/bin/cmake -E cmake_link_script CMakeFiles/cmTC_4a915.dir/link.txt --verbose=1
/opt/homebrew/Cellar/gcc/11.2.0/bin/gcc-11  -Wstrict-prototypes  -arch arm64 -isysroot /Library/Developer/CommandLineTools/SDKs/MacOSX12.3.sdk -Wl,-search_paths_first -Wl,-headerpad_max_install_names CMakeFiles/cmTC_4a915.dir/src.c.o -o cmTC_4a915 


Source file was:
#include <pthread.h>

static void* test_func(void* data)
{
  return data;
}

int main(void)
{
  pthread_t thread;
  pthread_create(&thread, NULL, test_func, NULL);
  pthread_detach(thread);
  pthread_cancel(thread);
  pthread_join(thread, NULL);
  pthread_atfork(NULL, NULL, NULL);
  pthread_exit(NULL);

  return 0;
}

Performing C++ SOURCE FILE Test HAVE_CXX_FLAG_STD_CXX11 succeeded with the following output:
Change Dir: /Users/reebdeve/CLionProjects/CatLog/cmake-build-debug/CMakeFiles/CMakeTmp

Run Build Command(s):/usr/bin/make -f Makefile cmTC_f42aa/fast && /Library/Developer/CommandLineTools/usr/bin/make  -f CMakeFiles/cmTC_f42aa.dir/build.make CMakeFiles/cmTC_f42aa.dir/build
Building CXX object CMakeFiles/cmTC_f42aa.dir/src.cxx.o
/opt/homebrew/Cellar/gcc/11.2.0/bin/g++-11 -DHAVE_CXX_FLAG_STD_CXX11  -fno-exceptions -fno-rtti  -std=c++11 -arch arm64 -isysroot /Library/Developer/CommandLineTools/SDKs/MacOSX12.3.sdk   -std=c++11 -std=gnu++14 -o CMakeFiles/cmTC_f42aa.dir/src.cxx.o -c /Users/reebdeve/CLionProjects/CatLog/cmake-build-debug/CMakeFiles/CMakeTmp/src.cxx
Linking CXX executable cmTC_f42aa
/Applications/CLion.app/Contents/bin/cmake/mac/bin/cmake -E cmake_link_script CMakeFiles/cmTC_f42aa.dir/link.txt --verbose=1
/opt/homebrew/Cellar/gcc/11.2.0/bin/g++-11  -fno-exceptions -fno-rtti  -std=c++11 -arch arm64 -isysroot /Library/Developer/CommandLineTools/SDKs/MacOSX12.3.sdk -Wl,-search_paths_first -Wl,-headerpad_max_install_names CMakeFiles/cmTC_f42aa.dir/src.cxx.o -o cmTC_f42aa 
ld: warning: dylib (/opt/homebrew/Cellar/gcc/11.2.0/lib/gcc/11/libstdc++.dylib) was built for newer macOS version (11.4) than being linked (11.3)


Source file was:
int main() { return 0; }
Performing C++ SOURCE FILE Test HAVE_CXX_FLAG_WALL succeeded with the following output:
Change Dir: /Users/reebdeve/CLionProjects/CatLog/cmake-build-debug/CMakeFiles/CMakeTmp

Run Build Command(s):/usr/bin/make -f Makefile cmTC_f2253/fast && /Library/Developer/CommandLineTools/usr/bin/make  -f CMakeFiles/cmTC_f2253.dir/build.make CMakeFiles/cmTC_f2253.dir/build
Building CXX object CMakeFiles/cmTC_f2253.dir/src.cxx.o
/opt/homebrew/Cellar/gcc/11.2.0/bin/g++-11 -DHAVE_CXX_FLAG_WALL  -fno-exceptions -fno-rtti  -std=c++11  -Wall -arch arm64 -isysroot /Library/Developer/CommandLineTools/SDKs/MacOSX12.3.sdk   -Wall -std=gnu++14 -o CMakeFiles/cmTC_f2253.dir/src.cxx.o -c /Users/reebdeve/CLionProjects/CatLog/cmake-build-debug/CMakeFiles/CMakeTmp/src.cxx
Linking CXX executable cmTC_f2253
/Applications/CLion.app/Contents/bin/cmake/mac/bin/cmake -E cmake_link_script CMakeFiles/cmTC_f2253.dir/link.txt --verbose=1
/opt/homebrew/Cellar/gcc/11.2.0/bin/g++-11  -fno-exceptions -fno-rtti  -std=c++11  -Wall -arch arm64 -isysroot /Library/Developer/CommandLineTools/SDKs/MacOSX12.3.sdk -Wl,-search_paths_first -Wl,-headerpad_max_install_names CMakeFiles/cmTC_f2253.dir/src.cxx.o -o cmTC_f2253 
ld: warning: dylib (/opt/homebrew/Cellar/gcc/11.2.0/lib/gcc/11/libstdc++.dylib) was built for newer macOS version (11.4) than being linked (11.3)


Source file was:
int main() { return 0; }
Performing C++ SOURCE FILE Test HAVE_CXX_FLAG_WEXTRA succeeded with the following output:
Change Dir: /Users/reebdeve/CLionProjects/CatLog/cmake-build-debug/CMakeFiles/CMakeTmp

Run Build Command(s):/usr/bin/make -f Makefile cmTC_56b18/fast && /Library/Developer/CommandLineTools/usr/bin/make  -f CMakeFiles/cmTC_56b18.dir/build.make CMakeFiles/cmTC_56b18.dir/build
Building CXX object CMakeFiles/cmTC_56b18.dir/src.cxx.o
/opt/homebrew/Cellar/gcc/11.2.0/bin/g++-11 -DHAVE_CXX_FLAG_WEXTRA  -fno-exceptions -fno-rtti  -std=c++11  -Wall  -Wextra -arch arm64 -isysroot /Library/Developer/CommandLineTools/SDKs/MacOSX12.3.sdk   -Wextra -std=gnu++14 -o CMakeFiles/cmTC_56b18.dir/src.cxx.o -c /Users/reebdeve/CLionProjects/CatLog/cmake-build-debug/CMakeFiles/CMakeTmp/src.cxx
Linking CXX executable cmTC_56b18
/Applications/CLion.app/Contents/bin/cmake/mac/bin/cmake -E cmake_link_script CMakeFiles/cmTC_56b18.dir/link.txt --verbose=1
/opt/homebrew/Cellar/gcc/11.2.0/bin/g++-11  -fno-exceptions -fno-rtti  -std=c++11  -Wall  -Wextra -arch arm64 -isysroot /Library/Developer/CommandLineTools/SDKs/MacOSX12.3.sdk -Wl,-search_paths_first -Wl,-headerpad_max_install_names CMakeFiles/cmTC_56b18.dir/src.cxx.o -o cmTC_56b18 
ld: warning: dylib (/opt/homebrew/Cellar/gcc/11.2.0/lib/gcc/11/libstdc++.dylib) was built for newer macOS version (11.4) than being linked (11.3)


Source file was:
int main() { return 0; }
Performing C++ SOURCE FILE Test HAVE_CXX_FLAG_WSHADOW succeeded with the following output:
Change Dir: /Users/reebdeve/CLionProjects/CatLog/cmake-build-debug/CMakeFiles/CMakeTmp

Run Build Command(s):/usr/bin/make -f Makefile cmTC_8a071/fast && /Library/Developer/CommandLineTools/usr/bin/make  -f CMakeFiles/cmTC_8a071.dir/build.make CMakeFiles/cmTC_8a071.dir/build
Building CXX object CMakeFiles/cmTC_8a071.dir/src.cxx.o
/opt/homebrew/Cellar/gcc/11.2.0/bin/g++-11 -DHAVE_CXX_FLAG_WSHADOW  -fno-exceptions -fno-rtti  -std=c++11  -Wall  -Wextra  -Wshadow -arch arm64 -isysroot /Library/Developer/CommandLineTools/SDKs/MacOSX12.3.sdk   -Wshadow -std=gnu++14 -o CMakeFiles/cmTC_8a071.dir/src.cxx.o -c /Users/reebdeve/CLionProjects/CatLog/cmake-build-debug/CMakeFiles/CMakeTmp/src.cxx
Linking CXX executable cmTC_8a071
/Applications/CLion.app/Contents/bin/cmake/mac/bin/cmake -E cmake_link_script CMakeFiles/cmTC_8a071.dir/link.txt --verbose=1
/opt/homebrew/Cellar/gcc/11.2.0/bin/g++-11  -fno-exceptions -fno-rtti  -std=c++11  -Wall  -Wextra  -Wshadow -arch arm64 -isysroot /Library/Developer/CommandLineTools/SDKs/MacOSX12.3.sdk -Wl,-search_paths_first -Wl,-headerpad_max_install_names CMakeFiles/cmTC_8a071.dir/src.cxx.o -o cmTC_8a071 
ld: warning: dylib (/opt/homebrew/Cellar/gcc/11.2.0/lib/gcc/11/libstdc++.dylib) was built for newer macOS version (11.4) than being linked (11.3)


Source file was:
int main() { return 0; }
Performing C++ SOURCE FILE Test HAVE_CXX_FLAG_WERROR succeeded with the following output:
Change Dir: /Users/reebdeve/CLionProjects/CatLog/cmake-build-debug/CMakeFiles/CMakeTmp

Run Build Command(s):/usr/bin/make -f Makefile cmTC_f4886/fast && /Library/Developer/CommandLineTools/usr/bin/make  -f CMakeFiles/cmTC_f4886.dir/build.make CMakeFiles/cmTC_f4886.dir/build
Building CXX object CMakeFiles/cmTC_f4886.dir/src.cxx.o
/opt/homebrew/Cellar/gcc/11.2.0/bin/g++-11 -DHAVE_CXX_FLAG_WERROR  -fno-exceptions -fno-rtti  -std=c++11  -Wall  -Wextra  -Wshadow  -Werror -arch arm64 -isysroot /Library/Developer/CommandLineTools/SDKs/MacOSX12.3.sdk   -Werror -std=gnu++14 -o CMakeFiles/cmTC_f4886.dir/src.cxx.o -c /Users/reebdeve/CLionProjects/CatLog/cmake-build-debug/CMakeFiles/CMakeTmp/src.cxx
Linking CXX executable cmTC_f4886
/Applications/CLion.app/Contents/bin/cmake/mac/bin/cmake -E cmake_link_script CMakeFiles/cmTC_f4886.dir/link.txt --verbose=1
/opt/homebrew/Cellar/gcc/11.2.0/bin/g++-11  -fno-exceptions -fno-rtti  -std=c++11  -Wall  -Wextra  -Wshadow  -Werror -arch arm64 -isysroot /Library/Developer/CommandLineTools/SDKs/MacOSX12.3.sdk -Wl,-search_paths_first -Wl,-headerpad_max_install_names CMakeFiles/cmTC_f4886.dir/src.cxx.o -o cmTC_f4886 
ld: warning: dylib (/opt/homebrew/Cellar/gcc/11.2.0/lib/gcc/11/libstdc++.dylib) was built for newer macOS version (11.4) than being linked (11.3)


Source file was:
int main() { return 0; }
Performing C++ SOURCE FILE Test HAVE_CXX_FLAG_WSUGGEST_OVERRIDE succeeded with the following output:
Change Dir: /Users/reebdeve/CLionProjects/CatLog/cmake-build-debug/CMakeFiles/CMakeTmp

Run Build Command(s):/usr/bin/make -f Makefile cmTC_c31b5/fast && /Library/Developer/CommandLineTools/usr/bin/make  -f CMakeFiles/cmTC_c31b5.dir/build.make CMakeFiles/cmTC_c31b5.dir/build
Building CXX object CMakeFiles/cmTC_c31b5.dir/src.cxx.o
/opt/homebrew/Cellar/gcc/11.2.0/bin/g++-11 -DHAVE_CXX_FLAG_WSUGGEST_OVERRIDE  -fno-exceptions -fno-rtti  -std=c++11  -Wall  -Wextra  -Wshadow  -Wsuggest-override -arch arm64 -isysroot /Library/Developer/CommandLineTools/SDKs/MacOSX12.3.sdk   -Wsuggest-override -std=gnu++14 -o CMakeFiles/cmTC_c31b5.dir/src.cxx.o -c /Users/reebdeve/CLionProjects/CatLog/cmake-build-debug/CMakeFiles/CMakeTmp/src.cxx
Linking CXX executable cmTC_c31b5
/Applications/CLion.app/Contents/bin/cmake/mac/bin/cmake -E cmake_link_script CMakeFiles/cmTC_c31b5.dir/link.txt --verbose=1
/opt/homebrew/Cellar/gcc/11.2.0/bin/g++-11  -fno-exceptions -fno-rtti  -std=c++11  -Wall  -Wextra  -Wshadow  -Wsuggest-override -arch arm64 -isysroot /Library/Developer/CommandLineTools/SDKs/MacOSX12.3.sdk -Wl,-search_paths_first -Wl,-headerpad_max_install_names CMakeFiles/cmTC_c31b5.dir/src.cxx.o -o cmTC_c31b5 
ld: warning: dylib (/opt/homebrew/Cellar/gcc/11.2.0/lib/gcc/11/libstdc++.dylib) was built for newer macOS version (11.4) than being linked (11.3)


Source file was:
int main() { return 0; }
Performing C++ SOURCE FILE Test HAVE_CXX_FLAG_FSTRICT_ALIASING succeeded with the following output:
Change Dir: /Users/reebdeve/CLionProjects/CatLog/cmake-build-debug/CMakeFiles/CMakeTmp

Run Build Command(s):/usr/bin/make -f Makefile cmTC_63142/fast && /Library/Developer/CommandLineTools/usr/bin/make  -f CMakeFiles/cmTC_63142.dir/build.make CMakeFiles/cmTC_63142.dir/build
Building CXX object CMakeFiles/cmTC_63142.dir/src.cxx.o
/opt/homebrew/Cellar/gcc/11.2.0/bin/g++-11 -DHAVE_CXX_FLAG_FSTRICT_ALIASING  -fno-exceptions -fno-rtti  -std=c++11  -Wall  -Wextra  -Wshadow  -Wsuggest-override  -fstrict-aliasing -arch arm64 -isysroot /Library/Developer/CommandLineTools/SDKs/MacOSX12.3.sdk   -fstrict-aliasing -std=gnu++14 -o CMakeFiles/cmTC_63142.dir/src.cxx.o -c /Users/reebdeve/CLionProjects/CatLog/cmake-build-debug/CMakeFiles/CMakeTmp/src.cxx
Linking CXX executable cmTC_63142
/Applications/CLion.app/Contents/bin/cmake/mac/bin/cmake -E cmake_link_script CMakeFiles/cmTC_63142.dir/link.txt --verbose=1
/opt/homebrew/Cellar/gcc/11.2.0/bin/g++-11  -fno-exceptions -fno-rtti  -std=c++11  -Wall  -Wextra  -Wshadow  -Wsuggest-override  -fstrict-aliasing -arch arm64 -isysroot /Library/Developer/CommandLineTools/SDKs/MacOSX12.3.sdk -Wl,-search_paths_first -Wl,-headerpad_max_install_names CMakeFiles/cmTC_63142.dir/src.cxx.o -o cmTC_63142 
ld: warning: dylib (/opt/homebrew/Cellar/gcc/11.2.0/lib/gcc/11/libstdc++.dylib) was built for newer macOS version (11.4) than being linked (11.3)


Source file was:
int main() { return 0; }
Performing C++ SOURCE FILE Test HAVE_CXX_FLAG_WNO_DEPRECATED_DECLARATIONS succeeded with the following output:
Change Dir: /Users/reebdeve/CLionProjects/CatLog/cmake-build-debug/CMakeFiles/CMakeTmp

Run Build Command(s):/usr/bin/make -f Makefile cmTC_2282b/fast && /Library/Developer/CommandLineTools/usr/bin/make  -f CMakeFiles/cmTC_2282b.dir/build.make CMakeFiles/cmTC_2282b.dir/build
Building CXX object CMakeFiles/cmTC_2282b.dir/src.cxx.o
/opt/homebrew/Cellar/gcc/11.2.0/bin/g++-11 -DHAVE_CXX_FLAG_WNO_DEPRECATED_DECLARATIONS  -fno-exceptions -fno-rtti  -std=c++11  -Wall  -Wextra  -Wshadow  -Wsuggest-override  -fstrict-aliasing  -Wno-deprecated-declarations -arch arm64 -isysroot /Library/Developer/CommandLineTools/SDKs/MacOSX12.3.sdk   -Wno-deprecated-declarations -std=gnu++14 -o CMakeFiles/cmTC_2282b.dir/src.cxx.o -c /Users/reebdeve/CLionProjects/CatLog/cmake-build-debug/CMakeFiles/CMakeTmp/src.cxx
Linking CXX executable cmTC_2282b
/Applications/CLion.app/Contents/bin/cmake/mac/bin/cmake -E cmake_link_script CMakeFiles/cmTC_2282b.dir/link.txt --verbose=1
/opt/homebrew/Cellar/gcc/11.2.0/bin/g++-11  -fno-exceptions -fno-rtti  -std=c++11  -Wall  -Wextra  -Wshadow  -Wsuggest-override  -fstrict-aliasing  -Wno-deprecated-declarations -arch arm64 -isysroot /Library/Developer/CommandLineTools/SDKs/MacOSX12.3.sdk -Wl,-search_paths_first -Wl,-headerpad_max_install_names CMakeFiles/cmTC_2282b.dir/src.cxx.o -o cmTC_2282b 
ld: warning: dylib (/opt/homebrew/Cellar/gcc/11.2.0/lib/gcc/11/libstdc++.dylib) was built for newer macOS version (11.4) than being linked (11.3)


Source file was:
int main() { return 0; }
Performing C++ SOURCE FILE Test HAVE_CXX_FLAG_WNO_DEPRECATED succeeded with the following output:
Change Dir: /Users/reebdeve/CLionProjects/CatLog/cmake-build-debug/CMakeFiles/CMakeTmp

Run Build Command(s):/usr/bin/make -f Makefile cmTC_40b18/fast && /Library/Developer/CommandLineTools/usr/bin/make  -f CMakeFiles/cmTC_40b18.dir/build.make CMakeFiles/cmTC_40b18.dir/build
Building CXX object CMakeFiles/cmTC_40b18.dir/src.cxx.o
/opt/homebrew/Cellar/gcc/11.2.0/bin/g++-11 -DHAVE_CXX_FLAG_WNO_DEPRECATED  -fno-exceptions -fno-rtti  -std=c++11  -Wall  -Wextra  -Wshadow  -Wsuggest-override  -fstrict-aliasing  -Wno-deprecated-declarations  -Wno-deprecated -arch arm64 -isysroot /Library/Developer/CommandLineTools/SDKs/MacOSX12.3.sdk   -Wno-deprecated -std=gnu++14 -o CMakeFiles/cmTC_40b18.dir/src.cxx.o -c /Users/reebdeve/CLionProjects/CatLog/cmake-build-debug/CMakeFiles/CMakeTmp/src.cxx
Linking CXX executable cmTC_40b18
/Applications/CLion.app/Contents/bin/cmake/mac/bin/cmake -E cmake_link_script CMakeFiles/cmTC_40b18.dir/link.txt --verbose=1
/opt/homebrew/Cellar/gcc/11.2.0/bin/g++-11  -fno-exceptions -fno-rtti  -std=c++11  -Wall  -Wextra  -Wshadow  -Wsuggest-override  -fstrict-aliasing  -Wno-deprecated-declarations  -Wno-deprecated -arch arm64 -isysroot /Library/Developer/CommandLineTools/SDKs/MacOSX12.3.sdk -Wl,-search_paths_first -Wl,-headerpad_max_install_names CMakeFiles/cmTC_40b18.dir/src.cxx.o -o cmTC_40b18 
ld: warning: dylib (/opt/homebrew/Cellar/gcc/11.2.0/lib/gcc/11/libstdc++.dylib) was built for newer macOS version (11.4) than being linked (11.3)


Source file was:
int main() { return 0; }
Performing C++ SOURCE FILE Test HAVE_CXX_FLAG_FNO_EXCEPTIONS succeeded with the following output:
Change Dir: /Users/reebdeve/CLionProjects/CatLog/cmake-build-debug/CMakeFiles/CMakeTmp

Run Build Command(s):/usr/bin/make -f Makefile cmTC_64a61/fast && /Library/Developer/CommandLineTools/usr/bin/make  -f CMakeFiles/cmTC_64a61.dir/build.make CMakeFiles/cmTC_64a61.dir/build
Building CXX object CMakeFiles/cmTC_64a61.dir/src.cxx.o
/opt/homebrew/Cellar/gcc/11.2.0/bin/g++-11 -DHAVE_CXX_FLAG_FNO_EXCEPTIONS  -fno-exceptions -fno-rtti  -std=c++11  -Wall  -Wextra  -Wshadow  -Wsuggest-override  -fstrict-aliasing  -Wno-deprecated-declarations  -fno-exceptions -arch arm64 -isysroot /Library/Developer/CommandLineTools/SDKs/MacOSX12.3.sdk   -fno-exceptions -std=gnu++14 -o CMakeFiles/cmTC_64a61.dir/src.cxx.o -c /Users/reebdeve/CLionProjects/CatLog/cmake-build-debug/CMakeFiles/CMakeTmp/src.cxx
Linking CXX executable cmTC_64a61
/Applications/CLion.app/Contents/bin/cmake/mac/bin/cmake -E cmake_link_script CMakeFiles/cmTC_64a61.dir/link.txt --verbose=1
/opt/homebrew/Cellar/gcc/11.2.0/bin/g++-11  -fno-exceptions -fno-rtti  -std=c++11  -Wall  -Wextra  -Wshadow  -Wsuggest-override  -fstrict-aliasing  -Wno-deprecated-declarations  -fno-exceptions -arch arm64 -isysroot /Library/Developer/CommandLineTools/SDKs/MacOSX12.3.sdk -Wl,-search_paths_first -Wl,-headerpad_max_install_names CMakeFiles/cmTC_64a61.dir/src.cxx.o -o cmTC_64a61 
ld: warning: dylib (/opt/homebrew/Cellar/gcc/11.2.0/lib/gcc/11/libstdc++.dylib) was built for newer macOS version (11.4) than being linked (11.3)


Source file was:
int main() { return 0; }
Performing C++ SOURCE FILE Test HAVE_CXX_FLAG_WSTRICT_ALIASING succeeded with the following output:
Change Dir: /Users/reebdeve/CLionProjects/CatLog/cmake-build-debug/CMakeFiles/CMakeTmp

Run Build Command(s):/usr/bin/make -f Makefile cmTC_5b20c/fast && /Library/Developer/CommandLineTools/usr/bin/make  -f CMakeFiles/cmTC_5b20c.dir/build.make CMakeFiles/cmTC_5b20c.dir/build
Building CXX object CMakeFiles/cmTC_5b20c.dir/src.cxx.o
/opt/homebrew/Cellar/gcc/11.2.0/bin/g++-11 -DHAVE_CXX_FLAG_WSTRICT_ALIASING  -fno-exceptions -fno-rtti  -std=c++11  -Wall  -Wextra  -Wshadow  -Wsuggest-override  -fstrict-aliasing  -Wno-deprecated-declarations  -fno-exceptions  -Wstrict-aliasing -arch arm64 -isysroot /Library/Developer/CommandLineTools/SDKs/MacOSX12.3.sdk   -Wstrict-aliasing -std=gnu++14 -o CMakeFiles/cmTC_5b20c.dir/src.cxx.o -c /Users/reebdeve/CLionProjects/CatLog/cmake-build-debug/CMakeFiles/CMakeTmp/src.cxx
Linking CXX executable cmTC_5b20c
/Applications/CLion.app/Contents/bin/cmake/mac/bin/cmake -E cmake_link_script CMakeFiles/cmTC_5b20c.dir/link.txt --verbose=1
/opt/homebrew/Cellar/gcc/11.2.0/bin/g++-11  -fno-exceptions -fno-rtti  -std=c++11  -Wall  -Wextra  -Wshadow  -Wsuggest-override  -fstrict-aliasing  -Wno-deprecated-declarations  -fno-exceptions  -Wstrict-aliasing -arch arm64 -isysroot /Library/Developer/CommandLineTools/SDKs/MacOSX12.3.sdk -Wl,-search_paths_first -Wl,-headerpad_max_install_names CMakeFiles/cmTC_5b20c.dir/src.cxx.o -o cmTC_5b20c 
ld: warning: dylib (/opt/homebrew/Cellar/gcc/11.2.0/lib/gcc/11/libstdc++.dylib) was built for newer macOS version (11.4) than being linked (11.3)


Source file was:
int main() { return 0; }
Performing C++ SOURCE FILE Test HAVE_CXX_FLAG_COVERAGE succeeded with the following output:
Change Dir: /Users/reebdeve/CLionProjects/CatLog/cmake-build-debug/CMakeFiles/CMakeTmp

Run Build Command(s):/usr/bin/make -f Makefile cmTC_43f1c/fast && /Library/Developer/CommandLineTools/usr/bin/make  -f CMakeFiles/cmTC_43f1c.dir/build.make CMakeFiles/cmTC_43f1c.dir/build
Building CXX object CMakeFiles/cmTC_43f1c.dir/src.cxx.o
/opt/homebrew/Cellar/gcc/11.2.0/bin/g++-11 -DHAVE_CXX_FLAG_COVERAGE  -fno-exceptions -fno-rtti  -std=c++11  -Wall  -Wextra  -Wshadow  -Wsuggest-override  -fstrict-aliasing  -Wno-deprecated-declarations  -fno-exceptions  -Wstrict-aliasing  --coverage -arch arm64 -isysroot /Library/Developer/CommandLineTools/SDKs/MacOSX12.3.sdk   --coverage -std=gnu++14 -o CMakeFiles/cmTC_43f1c.dir/src.cxx.o -c /Users/reebdeve/CLionProjects/CatLog/cmake-build-debug/CMakeFiles/CMakeTmp/src.cxx
Linking CXX executable cmTC_43f1c
/Applications/CLion.app/Contents/bin/cmake/mac/bin/cmake -E cmake_link_script CMakeFiles/cmTC_43f1c.dir/link.txt --verbose=1
/opt/homebrew/Cellar/gcc/11.2.0/bin/g++-11  -fno-exceptions -fno-rtti  -std=c++11  -Wall  -Wextra  -Wshadow  -Wsuggest-override  -fstrict-aliasing  -Wno-deprecated-declarations  -fno-exceptions  -Wstrict-aliasing  --coverage -arch arm64 -isysroot /Library/Developer/CommandLineTools/SDKs/MacOSX12.3.sdk -Wl,-search_paths_first -Wl,-headerpad_max_install_names CMakeFiles/cmTC_43f1c.dir/src.cxx.o -o cmTC_43f1c 
ld: warning: dylib (/opt/homebrew/Cellar/gcc/11.2.0/lib/gcc/11/libstdc++.dylib) was built for newer macOS version (11.4) than being linked (11.3)


Source file was:
int main() { return 0; }
Determining if the function sqlite3_open exists in the sqlite3 passed with the following output:
Change Dir: /Users/reebdeve/CLionProjects/CatLog/cmake-build-debug/CMakeFiles/CMakeTmp

Run Build Command(s):/usr/bin/make -f Makefile cmTC_d975f/fast && /Library/Developer/CommandLineTools/usr/bin/make  -f CMakeFiles/cmTC_d975f.dir/build.make CMakeFiles/cmTC_d975f.dir/build
Building C object CMakeFiles/cmTC_d975f.dir/CheckFunctionExists.c.o
/opt/homebrew/Cellar/gcc/11.2.0/bin/gcc-11   -Wstrict-prototypes -DCHECK_FUNCTION_EXISTS=sqlite3_open -arch arm64 -isysroot /Library/Developer/CommandLineTools/SDKs/MacOSX12.3.sdk -std=c11 -o CMakeFiles/cmTC_d975f.dir/CheckFunctionExists.c.o -c /Applications/CLion.app/Contents/bin/cmake/mac/share/cmake-3.20/Modules/CheckFunctionExists.c
Linking C executable cmTC_d975f
/Applications/CLion.app/Contents/bin/cmake/mac/bin/cmake -E cmake_link_script CMakeFiles/cmTC_d975f.dir/link.txt --verbose=1
/opt/homebrew/Cellar/gcc/11.2.0/bin/gcc-11  -Wstrict-prototypes -DCHECK_FUNCTION_EXISTS=sqlite3_open -arch arm64 -isysroot /Library/Developer/CommandLineTools/SDKs/MacOSX12.3.sdk -Wl,-search_paths_first -Wl,-headerpad_max_install_names CMakeFiles/cmTC_d975f.dir/CheckFunctionExists.c.o -o cmTC_d975f  -lsqlite3 



